{"meta": {"format": 3, "version": "7.13.3", "timestamp": "2026-09-14T13:39:51.600585", "branch_coverage": true, "show_contexts": false}, "files": {"03_pipeline/tkip/__init__.py": {"executed_lines": [1], "summary": {"covered_lines": 1, "num_statements": 1, "percent_covered": 100.0, "percent_covered_display": "100", "missing_lines": 0, "excluded_lines": 0, "percent_statements_covered": 100.0, "percent_statements_covered_display": "100", "num_branches": 0, "num_partial_branches": 0, "covered_branches": 0, "missing_branches": 0, "percent_branches_covered": 100.0, "percent_branches_covered_display": "100"}, "missing_lines": [], "excluded_lines": [], "executed_branches": [], "missing_branches": [], "functions": {"": {"executed_lines": [1], "summary": {"covered_lines": 1, "num_statements": 1, "percent_covered": 100.0, "percent_covered_display": "100", "missing_lines": 0, "excluded_lines": 0, "percent_statements_covered": 100.0, "percent_statements_covered_display": "100", "num_branches": 0, "num_partial_branches": 0, "covered_branches": 0, "missing_branches": 0, "percent_branches_covered": 100.0, "percent_branches_covered_display": "100"}, "missing_lines": [], "excluded_lines": [], "start_line": 1, "executed_branches": [], "missing_branches": []}}, "classes": {"": {"executed_lines": [1], "summary": {"covered_lines": 1, "num_statements": 1, "percent_covered": 100.0, "percent_covered_display": "100", "missing_lines": 0, "excluded_lines": 0, "percent_statements_covered": 100.0, "percent_statements_covered_display": "100", "num_branches": 0, "num_partial_branches": 0, "covered_branches": 0, "missing_branches": 0, "percent_branches_covered": 100.0, "percent_branches_covered_display": "100"}, "missing_lines": [], "excluded_lines": [], "start_line": 1, "executed_branches": [], "missing_branches": []}}}, "03_pipeline/tkip/benchmark_catalog.py": {"executed_lines": [1, 3, 77], "summary": {"covered_lines": 3, "num_statements": 7, "percent_covered": 33.333333333333336, "percent_covered_display": "33", "missing_lines": 4, "excluded_lines": 0, "percent_statements_covered": 42.857142857142854, "percent_statements_covered_display": "43", "num_branches": 2, "num_partial_branches": 0, "covered_branches": 0, "missing_branches": 2, "percent_branches_covered": 0.0, "percent_branches_covered_display": "0"}, "missing_lines": [78, 79, 80, 86], "excluded_lines": [], "executed_branches": [], "missing_branches": [[79, 80], [79, 86]], "functions": {"catalog_rows": {"executed_lines": [], "summary": {"covered_lines": 0, "num_statements": 4, "percent_covered": 0.0, "percent_covered_display": "0", "missing_lines": 4, "excluded_lines": 0, "percent_statements_covered": 0.0, "percent_statements_covered_display": "0", "num_branches": 2, "num_partial_branches": 0, "covered_branches": 0, "missing_branches": 2, "percent_branches_covered": 0.0, "percent_branches_covered_display": "0"}, "missing_lines": [78, 79, 80, 86], "excluded_lines": [], "start_line": 77, "executed_branches": [], "missing_branches": [[79, 80], [79, 86]]}, "": {"executed_lines": [1, 3, 77], "summary": {"covered_lines": 3, "num_statements": 3, "percent_covered": 100.0, "percent_covered_display": "100", "missing_lines": 0, "excluded_lines": 0, "percent_statements_covered": 100.0, "percent_statements_covered_display": "100", "num_branches": 0, "num_partial_branches": 0, "covered_branches": 0, "missing_branches": 0, "percent_branches_covered": 100.0, "percent_branches_covered_display": "100"}, "missing_lines": [], "excluded_lines": [], "start_line": 1, "executed_branches": [], "missing_branches": []}}, "classes": {"": {"executed_lines": [1, 3, 77], "summary": {"covered_lines": 3, "num_statements": 7, "percent_covered": 33.333333333333336, "percent_covered_display": "33", "missing_lines": 4, "excluded_lines": 0, "percent_statements_covered": 42.857142857142854, "percent_statements_covered_display": "43", "num_branches": 2, "num_partial_branches": 0, "covered_branches": 0, "missing_branches": 2, "percent_branches_covered": 0.0, "percent_branches_covered_display": "0"}, "missing_lines": [78, 79, 80, 86], "excluded_lines": [], "start_line": 1, "executed_branches": [], "missing_branches": [[79, 80], [79, 86]]}}}, "03_pipeline/tkip/cache.py": {"executed_lines": [3, 5, 6, 7, 9, 11, 12, 14, 17, 20, 21, 22, 24, 27, 29, 32, 33, 34, 36, 37, 38, 43, 46, 47, 53, 56, 57, 58, 59, 60, 61, 63, 66, 67, 69, 70, 71, 81, 87, 90, 91, 96, 97], "summary": {"covered_lines": 43, "num_statements": 49, "percent_covered": 88.67924528301887, "percent_covered_display": "89", "missing_lines": 6, "excluded_lines": 0, "percent_statements_covered": 87.75510204081633, "percent_statements_covered_display": "88", "num_branches": 4, "num_partial_branches": 0, "covered_branches": 4, "missing_branches": 0, "percent_branches_covered": 100.0, "percent_branches_covered_display": "100"}, "missing_lines": [39, 40, 41, 72, 73, 79], "excluded_lines": [], "executed_branches": [[33, 34], [33, 36], [66, 67], [66, 69]], "missing_branches": [], "functions": {"ParseCache.__init__": {"executed_lines": [21, 22], "summary": {"covered_lines": 2, "num_statements": 2, "percent_covered": 100.0, "percent_covered_display": "100", "missing_lines": 0, "excluded_lines": 0, "percent_statements_covered": 100.0, "percent_statements_covered_display": "100", "num_branches": 0, "num_partial_branches": 0, "covered_branches": 0, "missing_branches": 0, "percent_branches_covered": 100.0, "percent_branches_covered_display": "100"}, "missing_lines": [], "excluded_lines": [], "start_line": 20, "executed_branches": [], "missing_branches": []}, "ParseCache.path": {"executed_lines": [27], "summary": {"covered_lines": 1, "num_statements": 1, "percent_covered": 100.0, "percent_covered_display": "100", "missing_lines": 0, "excluded_lines": 0, "percent_statements_covered": 100.0, "percent_statements_covered_display": "100", "num_branches": 0, "num_partial_branches": 0, "covered_branches": 0, "missing_branches": 0, "percent_branches_covered": 100.0, "percent_branches_covered_display": "100"}, "missing_lines": [], "excluded_lines": [], "start_line": 24, "executed_branches": [], "missing_branches": []}, "ParseCache.get": {"executed_lines": [32, 33, 34, 36, 37, 38], "summary": {"covered_lines": 6, "num_statements": 9, "percent_covered": 72.72727272727273, "percent_covered_display": "73", "missing_lines": 3, "excluded_lines": 0, "percent_statements_covered": 66.66666666666667, "percent_statements_covered_display": "67", "num_branches": 2, "num_partial_branches": 0, "covered_branches": 2, "missing_branches": 0, "percent_branches_covered": 100.0, "percent_branches_covered_display": "100"}, "missing_lines": [39, 40, 41], "excluded_lines": [], "start_line": 29, "executed_branches": [[33, 34], [33, 36]], "missing_branches": []}, "ParseCache.put": {"executed_lines": [46, 47], "summary": {"covered_lines": 2, "num_statements": 2, "percent_covered": 100.0, "percent_covered_display": "100", "missing_lines": 0, "excluded_lines": 0, "percent_statements_covered": 100.0, "percent_statements_covered_display": "100", "num_branches": 0, "num_partial_branches": 0, "covered_branches": 0, "missing_branches": 0, "percent_branches_covered": 100.0, "percent_branches_covered_display": "100"}, "missing_lines": [], "excluded_lines": [], "start_line": 43, "executed_branches": [], "missing_branches": []}, "EmbeddingCache.__init__": {"executed_lines": [57, 58, 59, 60, 61], "summary": {"covered_lines": 5, "num_statements": 5, "percent_covered": 100.0, "percent_covered_display": "100", "missing_lines": 0, "excluded_lines": 0, "percent_statements_covered": 100.0, "percent_statements_covered_display": "100", "num_branches": 0, "num_partial_branches": 0, "covered_branches": 0, "missing_branches": 0, "percent_branches_covered": 100.0, "percent_branches_covered_display": "100"}, "missing_lines": [], "excluded_lines": [], "start_line": 56, "executed_branches": [], "missing_branches": []}, "EmbeddingCache.load": {"executed_lines": [66, 67, 69, 70, 71, 81], "summary": {"covered_lines": 6, "num_statements": 9, "percent_covered": 72.72727272727273, "percent_covered_display": "73", "missing_lines": 3, "excluded_lines": 0, "percent_statements_covered": 66.66666666666667, "percent_statements_covered_display": "67", "num_branches": 2, "num_partial_branches": 0, "covered_branches": 2, "missing_branches": 0, "percent_branches_covered": 100.0, "percent_branches_covered_display": "100"}, "missing_lines": [72, 73, 79], "excluded_lines": [], "start_line": 63, "executed_branches": [[66, 67], [66, 69]], "missing_branches": []}, "EmbeddingCache.save": {"executed_lines": [90, 91, 96, 97], "summary": {"covered_lines": 4, "num_statements": 4, "percent_covered": 100.0, "percent_covered_display": "100", "missing_lines": 0, "excluded_lines": 0, "percent_statements_covered": 100.0, "percent_statements_covered_display": "100", "num_branches": 0, "num_partial_branches": 0, "covered_branches": 0, "missing_branches": 0, "percent_branches_covered": 100.0, "percent_branches_covered_display": "100"}, "missing_lines": [], "excluded_lines": [], "start_line": 87, "executed_branches": [], "missing_branches": []}, "": {"executed_lines": [3, 5, 6, 7, 9, 11, 12, 14, 17, 20, 24, 29, 43, 53, 56, 63, 87], "summary": {"covered_lines": 17, "num_statements": 17, "percent_covered": 100.0, "percent_covered_display": "100", "missing_lines": 0, "excluded_lines": 0, "percent_statements_covered": 100.0, "percent_statements_covered_display": "100", "num_branches": 0, "num_partial_branches": 0, "covered_branches": 0, "missing_branches": 0, "percent_branches_covered": 100.0, "percent_branches_covered_display": "100"}, "missing_lines": [], "excluded_lines": [], "start_line": 1, "executed_branches": [], "missing_branches": []}}, "classes": {"ParseCache": {"executed_lines": [21, 22, 27, 32, 33, 34, 36, 37, 38, 46, 47], "summary": {"covered_lines": 11, "num_statements": 14, "percent_covered": 81.25, "percent_covered_display": "81", "missing_lines": 3, "excluded_lines": 0, "percent_statements_covered": 78.57142857142857, "percent_statements_covered_display": "79", "num_branches": 2, "num_partial_branches": 0, "covered_branches": 2, "missing_branches": 0, "percent_branches_covered": 100.0, "percent_branches_covered_display": "100"}, "missing_lines": [39, 40, 41], "excluded_lines": [], "start_line": 17, "executed_branches": [[33, 34], [33, 36]], "missing_branches": []}, "EmbeddingCache": {"executed_lines": [57, 58, 59, 60, 61, 66, 67, 69, 70, 71, 81, 90, 91, 96, 97], "summary": {"covered_lines": 15, "num_statements": 18, "percent_covered": 85.0, "percent_covered_display": "85", "missing_lines": 3, "excluded_lines": 0, "percent_statements_covered": 83.33333333333333, "percent_statements_covered_display": "83", "num_branches": 2, "num_partial_branches": 0, "covered_branches": 2, "missing_branches": 0, "percent_branches_covered": 100.0, "percent_branches_covered_display": "100"}, "missing_lines": [72, 73, 79], "excluded_lines": [], "start_line": 53, "executed_branches": [[66, 67], [66, 69]], "missing_branches": []}, "": {"executed_lines": [3, 5, 6, 7, 9, 11, 12, 14, 17, 20, 24, 29, 43, 53, 56, 63, 87], "summary": {"covered_lines": 17, "num_statements": 17, "percent_covered": 100.0, "percent_covered_display": "100", "missing_lines": 0, "excluded_lines": 0, "percent_statements_covered": 100.0, "percent_statements_covered_display": "100", "num_branches": 0, "num_partial_branches": 0, "covered_branches": 0, "missing_branches": 0, "percent_branches_covered": 100.0, "percent_branches_covered_display": "100"}, "missing_lines": [], "excluded_lines": [], "start_line": 1, "executed_branches": [], "missing_branches": []}}}, "03_pipeline/tkip/chunking.py": {"executed_lines": [3, 5, 6, 7, 9, 10, 12, 13, 14, 15, 25, 31, 34, 39, 42, 45, 46, 49, 58, 59, 80, 88, 89, 90, 91, 92, 94, 95, 96, 97, 103, 104, 105, 106, 109, 117, 118, 119, 120, 121, 122, 123, 124, 125, 135, 138, 146, 147, 148, 149, 150, 152, 154, 155, 156, 157, 158, 159, 161, 162, 164, 165, 166, 167, 168, 169, 170, 171, 172, 173, 174, 176, 177, 178, 179, 181, 182, 185, 193, 194, 195, 196, 197, 199, 200, 201, 202, 204, 205, 213, 214, 216, 217, 219, 220, 228, 231, 240, 246, 247, 249, 252, 258, 259, 260, 262, 263, 264, 265, 273, 274, 275, 277, 278, 286, 289, 290, 292, 295, 296, 300, 301, 302, 303], "summary": {"covered_lines": 124, "num_statements": 127, "percent_covered": 95.20958083832335, "percent_covered_display": "95", "missing_lines": 3, "excluded_lines": 0, "percent_statements_covered": 97.63779527559055, "percent_statements_covered_display": "98", "num_branches": 40, "num_partial_branches": 5, "covered_branches": 35, "missing_branches": 5, "percent_branches_covered": 87.5, "percent_branches_covered_display": "88"}, "missing_lines": [163, 248, 291], "excluded_lines": [], "executed_branches": [[94, 95], [94, 106], [118, 119], [118, 135], [119, 120], [119, 122], [122, 118], [122, 123], [123, 124], [123, 125], [154, 155], [154, 156], [161, 162], [161, 181], [162, 164], [164, 165], [164, 168], [168, 169], [168, 173], [173, 174], [173, 176], [177, 178], [177, 179], [199, 200], [199, 219], [204, 205], [204, 216], [219, 220], [247, 249], [262, 263], [262, 277], [264, 265], [264, 275], [277, 278], [290, 292]], "missing_branches": [[162, 163], [219, 228], [247, 248], [277, 286], [290, 291]], "functions": {"extract_keywords": {"executed_lines": [34, 39], "summary": {"covered_lines": 2, "num_statements": 2, "percent_covered": 100.0, "percent_covered_display": "100", "missing_lines": 0, "excluded_lines": 0, "percent_statements_covered": 100.0, "percent_statements_covered_display": "100", "num_branches": 0, "num_partial_branches": 0, "covered_branches": 0, "missing_branches": 0, "percent_branches_covered": 100.0, "percent_branches_covered_display": "100"}, "missing_lines": [], "excluded_lines": [], "start_line": 31, "executed_branches": [], "missing_branches": []}, "detect_framework": {"executed_lines": [45, 46], "summary": {"covered_lines": 2, "num_statements": 2, "percent_covered": 100.0, "percent_covered_display": "100", "missing_lines": 0, "excluded_lines": 0, "percent_statements_covered": 100.0, "percent_statements_covered_display": "100", "num_branches": 0, "num_partial_branches": 0, "covered_branches": 0, "missing_branches": 0, "percent_branches_covered": 100.0, "percent_branches_covered_display": "100"}, "missing_lines": [], "excluded_lines": [], "start_line": 42, "executed_branches": [], "missing_branches": []}, "make_chunk": {"executed_lines": [58, 59], "summary": {"covered_lines": 2, "num_statements": 2, "percent_covered": 100.0, "percent_covered_display": "100", "missing_lines": 0, "excluded_lines": 0, "percent_statements_covered": 100.0, "percent_statements_covered_display": "100", "num_branches": 0, "num_partial_branches": 0, "covered_branches": 0, "missing_branches": 0, "percent_branches_covered": 100.0, "percent_branches_covered_display": "100"}, "missing_lines": [], "excluded_lines": [], "start_line": 49, "executed_branches": [], "missing_branches": []}, "fixed_chunks": {"executed_lines": [88, 89, 90, 91, 92, 94, 95, 96, 97, 103, 104, 105, 106], "summary": {"covered_lines": 13, "num_statements": 13, "percent_covered": 100.0, "percent_covered_display": "100", "missing_lines": 0, "excluded_lines": 0, "percent_statements_covered": 100.0, "percent_statements_covered_display": "100", "num_branches": 2, "num_partial_branches": 0, "covered_branches": 2, "missing_branches": 0, "percent_branches_covered": 100.0, "percent_branches_covered_display": "100"}, "missing_lines": [], "excluded_lines": [], "start_line": 80, "executed_branches": [[94, 95], [94, 106]], "missing_branches": []}, "recursive_chunks": {"executed_lines": [117, 118, 119, 120, 121, 122, 123, 124, 125, 135], "summary": {"covered_lines": 10, "num_statements": 10, "percent_covered": 100.0, "percent_covered_display": "100", "missing_lines": 0, "excluded_lines": 0, "percent_statements_covered": 100.0, "percent_statements_covered_display": "100", "num_branches": 8, "num_partial_branches": 0, "covered_branches": 8, "missing_branches": 0, "percent_branches_covered": 100.0, "percent_branches_covered_display": "100"}, "missing_lines": [], "excluded_lines": [], "start_line": 109, "executed_branches": [[118, 119], [118, 135], [119, 120], [119, 122], [122, 118], [122, 123], [123, 124], [123, 125]], "missing_branches": []}, "structure_aware_chunks": {"executed_lines": [146, 147, 148, 149, 150, 152, 161, 162, 164, 165, 166, 167, 168, 169, 170, 171, 172, 173, 174, 176, 177, 178, 179, 181, 182], "summary": {"covered_lines": 25, "num_statements": 26, "percent_covered": 94.73684210526316, "percent_covered_display": "95", "missing_lines": 1, "excluded_lines": 0, "percent_statements_covered": 96.15384615384616, "percent_statements_covered_display": "96", "num_branches": 12, "num_partial_branches": 1, "covered_branches": 11, "missing_branches": 1, "percent_branches_covered": 91.66666666666667, "percent_branches_covered_display": "92"}, "missing_lines": [163], "excluded_lines": [], "start_line": 138, "executed_branches": [[161, 162], [161, 181], [162, 164], [164, 165], [164, 168], [168, 169], [168, 173], [173, 174], [173, 176], [177, 178], [177, 179]], "missing_branches": [[162, 163]]}, "structure_aware_chunks.flush_group": {"executed_lines": [154, 155, 156, 157, 158, 159], "summary": {"covered_lines": 6, "num_statements": 6, "percent_covered": 100.0, "percent_covered_display": "100", "missing_lines": 0, "excluded_lines": 0, "percent_statements_covered": 100.0, "percent_statements_covered_display": "100", "num_branches": 2, "num_partial_branches": 0, "covered_branches": 2, "missing_branches": 0, "percent_branches_covered": 100.0, "percent_branches_covered_display": "100"}, "missing_lines": [], "excluded_lines": [], "start_line": 152, "executed_branches": [[154, 155], [154, 156]], "missing_branches": []}, "semantic_chunks": {"executed_lines": [193, 194, 195, 196, 197, 199, 200, 201, 202, 204, 205, 213, 214, 216, 217, 219, 220, 228], "summary": {"covered_lines": 18, "num_statements": 18, "percent_covered": 95.83333333333333, "percent_covered_display": "96", "missing_lines": 0, "excluded_lines": 0, "percent_statements_covered": 100.0, "percent_statements_covered_display": "100", "num_branches": 6, "num_partial_branches": 1, "covered_branches": 5, "missing_branches": 1, "percent_branches_covered": 83.33333333333333, "percent_branches_covered_display": "83"}, "missing_lines": [], "excluded_lines": [], "start_line": 185, "executed_branches": [[199, 200], [199, 219], [204, 205], [204, 216], [219, 220]], "missing_branches": [[219, 228]]}, "chunk_document": {"executed_lines": [240, 246, 247, 249], "summary": {"covered_lines": 4, "num_statements": 5, "percent_covered": 71.42857142857143, "percent_covered_display": "71", "missing_lines": 1, "excluded_lines": 0, "percent_statements_covered": 80.0, "percent_statements_covered_display": "80", "num_branches": 2, "num_partial_branches": 1, "covered_branches": 1, "missing_branches": 1, "percent_branches_covered": 50.0, "percent_branches_covered_display": "50"}, "missing_lines": [248], "excluded_lines": [], "start_line": 231, "executed_branches": [[247, 249]], "missing_branches": [[247, 248]]}, "_pack_blocks": {"executed_lines": [258, 259, 260, 262, 263, 264, 265, 273, 274, 275, 277, 278, 286], "summary": {"covered_lines": 13, "num_statements": 13, "percent_covered": 94.73684210526316, "percent_covered_display": "95", "missing_lines": 0, "excluded_lines": 0, "percent_statements_covered": 100.0, "percent_statements_covered_display": "100", "num_branches": 6, "num_partial_branches": 1, "covered_branches": 5, "missing_branches": 1, "percent_branches_covered": 83.33333333333333, "percent_branches_covered_display": "83"}, "missing_lines": [], "excluded_lines": [], "start_line": 252, "executed_branches": [[262, 263], [262, 277], [264, 265], [264, 275], [277, 278]], "missing_branches": [[277, 286]]}, "_infer_chunk_type": {"executed_lines": [290, 292], "summary": {"covered_lines": 2, "num_statements": 3, "percent_covered": 60.0, "percent_covered_display": "60", "missing_lines": 1, "excluded_lines": 0, "percent_statements_covered": 66.66666666666667, "percent_statements_covered_display": "67", "num_branches": 2, "num_partial_branches": 1, "covered_branches": 1, "missing_branches": 1, "percent_branches_covered": 50.0, "percent_branches_covered_display": "50"}, "missing_lines": [291], "excluded_lines": [], "start_line": 289, "executed_branches": [[290, 292]], "missing_branches": [[290, 291]]}, "_jaccard_similarity": {"executed_lines": [296], "summary": {"covered_lines": 1, "num_statements": 1, "percent_covered": 100.0, "percent_covered_display": "100", "missing_lines": 0, "excluded_lines": 0, "percent_statements_covered": 100.0, "percent_statements_covered_display": "100", "num_branches": 0, "num_partial_branches": 0, "covered_branches": 0, "missing_branches": 0, "percent_branches_covered": 100.0, "percent_branches_covered_display": "100"}, "missing_lines": [], "excluded_lines": [], "start_line": 295, "executed_branches": [], "missing_branches": []}, "": {"executed_lines": [3, 5, 6, 7, 9, 10, 12, 13, 14, 15, 25, 31, 42, 49, 80, 109, 138, 185, 231, 252, 289, 295, 300, 301, 302, 303], "summary": {"covered_lines": 26, "num_statements": 26, "percent_covered": 100.0, "percent_covered_display": "100", "missing_lines": 0, "excluded_lines": 0, "percent_statements_covered": 100.0, "percent_statements_covered_display": "100", "num_branches": 0, "num_partial_branches": 0, "covered_branches": 0, "missing_branches": 0, "percent_branches_covered": 100.0, "percent_branches_covered_display": "100"}, "missing_lines": [], "excluded_lines": [], "start_line": 1, "executed_branches": [], "missing_branches": []}}, "classes": {"": {"executed_lines": [3, 5, 6, 7, 9, 10, 12, 13, 14, 15, 25, 31, 34, 39, 42, 45, 46, 49, 58, 59, 80, 88, 89, 90, 91, 92, 94, 95, 96, 97, 103, 104, 105, 106, 109, 117, 118, 119, 120, 121, 122, 123, 124, 125, 135, 138, 146, 147, 148, 149, 150, 152, 154, 155, 156, 157, 158, 159, 161, 162, 164, 165, 166, 167, 168, 169, 170, 171, 172, 173, 174, 176, 177, 178, 179, 181, 182, 185, 193, 194, 195, 196, 197, 199, 200, 201, 202, 204, 205, 213, 214, 216, 217, 219, 220, 228, 231, 240, 246, 247, 249, 252, 258, 259, 260, 262, 263, 264, 265, 273, 274, 275, 277, 278, 286, 289, 290, 292, 295, 296, 300, 301, 302, 303], "summary": {"covered_lines": 124, "num_statements": 127, "percent_covered": 95.20958083832335, "percent_covered_display": "95", "missing_lines": 3, "excluded_lines": 0, "percent_statements_covered": 97.63779527559055, "percent_statements_covered_display": "98", "num_branches": 40, "num_partial_branches": 5, "covered_branches": 35, "missing_branches": 5, "percent_branches_covered": 87.5, "percent_branches_covered_display": "88"}, "missing_lines": [163, 248, 291], "excluded_lines": [], "start_line": 1, "executed_branches": [[94, 95], [94, 106], [118, 119], [118, 135], [119, 120], [119, 122], [122, 118], [122, 123], [123, 124], [123, 125], [154, 155], [154, 156], [161, 162], [161, 181], [162, 164], [164, 165], [164, 168], [168, 169], [168, 173], [173, 174], [173, 176], [177, 178], [177, 179], [199, 200], [199, 219], [204, 205], [204, 216], [219, 220], [247, 249], [262, 263], [262, 277], [264, 265], [264, 275], [277, 278], [290, 292]], "missing_branches": [[162, 163], [219, 228], [247, 248], [277, 286], [290, 291]]}}}, "03_pipeline/tkip/citations.py": {"executed_lines": [3, 5, 7, 8, 11, 17, 18, 19, 20, 31, 34, 40, 41, 43, 44, 45, 46, 47, 48, 50, 57], "summary": {"covered_lines": 21, "num_statements": 23, "percent_covered": 87.87878787878788, "percent_covered_display": "88", "missing_lines": 2, "excluded_lines": 0, "percent_statements_covered": 91.30434782608695, "percent_statements_covered_display": "91", "num_branches": 10, "num_partial_branches": 2, "covered_branches": 8, "missing_branches": 2, "percent_branches_covered": 80.0, "percent_branches_covered_display": "80"}, "missing_lines": [49, 55], "excluded_lines": [], "executed_branches": [[18, 19], [18, 31], [43, 44], [43, 57], [45, 46], [45, 48], [48, 50], [50, 43]], "missing_branches": [[48, 49], [50, 55]], "functions": {"citations_from_hits": {"executed_lines": [17, 18, 19, 20, 31], "summary": {"covered_lines": 5, "num_statements": 5, "percent_covered": 100.0, "percent_covered_display": "100", "missing_lines": 0, "excluded_lines": 0, "percent_statements_covered": 100.0, "percent_statements_covered_display": "100", "num_branches": 2, "num_partial_branches": 0, "covered_branches": 2, "missing_branches": 0, "percent_branches_covered": 100.0, "percent_branches_covered_display": "100"}, "missing_lines": [], "excluded_lines": [], "start_line": 11, "executed_branches": [[18, 19], [18, 31]], "missing_branches": []}, "validate_citations": {"executed_lines": [40, 41, 43, 44, 45, 46, 47, 48, 50, 57], "summary": {"covered_lines": 10, "num_statements": 12, "percent_covered": 80.0, "percent_covered_display": "80", "missing_lines": 2, "excluded_lines": 0, "percent_statements_covered": 83.33333333333333, "percent_statements_covered_display": "83", "num_branches": 8, "num_partial_branches": 2, "covered_branches": 6, "missing_branches": 2, "percent_branches_covered": 75.0, "percent_branches_covered_display": "75"}, "missing_lines": [49, 55], "excluded_lines": [], "start_line": 34, "executed_branches": [[43, 44], [43, 57], [45, 46], [45, 48], [48, 50], [50, 43]], "missing_branches": [[48, 49], [50, 55]]}, "": {"executed_lines": [3, 5, 7, 8, 11, 34], "summary": {"covered_lines": 6, "num_statements": 6, "percent_covered": 100.0, "percent_covered_display": "100", "missing_lines": 0, "excluded_lines": 0, "percent_statements_covered": 100.0, "percent_statements_covered_display": "100", "num_branches": 0, "num_partial_branches": 0, "covered_branches": 0, "missing_branches": 0, "percent_branches_covered": 100.0, "percent_branches_covered_display": "100"}, "missing_lines": [], "excluded_lines": [], "start_line": 1, "executed_branches": [], "missing_branches": []}}, "classes": {"": {"executed_lines": [3, 5, 7, 8, 11, 17, 18, 19, 20, 31, 34, 40, 41, 43, 44, 45, 46, 47, 48, 50, 57], "summary": {"covered_lines": 21, "num_statements": 23, "percent_covered": 87.87878787878788, "percent_covered_display": "88", "missing_lines": 2, "excluded_lines": 0, "percent_statements_covered": 91.30434782608695, "percent_statements_covered_display": "91", "num_branches": 10, "num_partial_branches": 2, "covered_branches": 8, "missing_branches": 2, "percent_branches_covered": 80.0, "percent_branches_covered_display": "80"}, "missing_lines": [49, 55], "excluded_lines": [], "start_line": 1, "executed_branches": [[18, 19], [18, 31], [43, 44], [43, 57], [45, 46], [45, 48], [48, 50], [50, 43]], "missing_branches": [[48, 49], [50, 55]]}}}, "03_pipeline/tkip/cli.py": {"executed_lines": [3, 5, 6, 7, 9, 11, 12, 13, 14, 15, 16, 18, 19, 22, 25, 26, 27, 28, 30, 31, 32, 33, 34, 36, 37, 38, 39, 40, 43, 62, 87, 141], "summary": {"covered_lines": 32, "num_statements": 85, "percent_covered": 33.980582524271846, "percent_covered_display": "34", "missing_lines": 53, "excluded_lines": 0, "percent_statements_covered": 37.64705882352941, "percent_statements_covered_display": "38", "num_branches": 18, "num_partial_branches": 1, "covered_branches": 3, "missing_branches": 15, "percent_branches_covered": 16.666666666666668, "percent_branches_covered_display": "17"}, "missing_lines": [44, 45, 46, 47, 52, 53, 54, 55, 56, 57, 58, 59, 63, 64, 65, 67, 68, 69, 70, 71, 76, 77, 90, 91, 93, 94, 95, 96, 98, 99, 100, 101, 103, 104, 105, 113, 114, 116, 117, 123, 124, 126, 127, 128, 130, 131, 132, 133, 134, 135, 136, 138, 142], "excluded_lines": [], "executed_branches": [[27, 28], [27, 30], [141, -1]], "missing_branches": [[93, 94], [93, 98], [98, 99], [98, 103], [103, 104], [103, 116], [116, 117], [116, 126], [126, 127], [126, 130], [131, 132], [131, 134], [134, 135], [134, 138], [141, 142]], "functions": {"build_parser": {"executed_lines": [25, 26, 27, 28, 30, 31, 32, 33, 34, 36, 37, 38, 39, 40], "summary": {"covered_lines": 14, "num_statements": 14, "percent_covered": 100.0, "percent_covered_display": "100", "missing_lines": 0, "excluded_lines": 0, "percent_statements_covered": 100.0, "percent_statements_covered_display": "100", "num_branches": 2, "num_partial_branches": 0, "covered_branches": 2, "missing_branches": 0, "percent_branches_covered": 100.0, "percent_branches_covered_display": "100"}, "missing_lines": [], "excluded_lines": [], "start_line": 22, "executed_branches": [[27, 28], [27, 30]], "missing_branches": []}, "_run_benchmark": {"executed_lines": [], "summary": {"covered_lines": 0, "num_statements": 12, "percent_covered": 0.0, "percent_covered_display": "0", "missing_lines": 12, "excluded_lines": 0, "percent_statements_covered": 0.0, "percent_statements_covered_display": "0", "num_branches": 0, "num_partial_branches": 0, "covered_branches": 0, "missing_branches": 0, "percent_branches_covered": 100.0, "percent_branches_covered_display": "100"}, "missing_lines": [44, 45, 46, 47, 52, 53, 54, 55, 56, 57, 58, 59], "excluded_lines": [], "start_line": 43, "executed_branches": [], "missing_branches": []}, "_run_figures": {"executed_lines": [], "summary": {"covered_lines": 0, "num_statements": 10, "percent_covered": 0.0, "percent_covered_display": "0", "missing_lines": 10, "excluded_lines": 0, "percent_statements_covered": 0.0, "percent_statements_covered_display": "0", "num_branches": 0, "num_partial_branches": 0, "covered_branches": 0, "missing_branches": 0, "percent_branches_covered": 100.0, "percent_branches_covered_display": "100"}, "missing_lines": [63, 64, 65, 67, 68, 69, 70, 71, 76, 77], "excluded_lines": [], "start_line": 62, "executed_branches": [], "missing_branches": []}, "main": {"executed_lines": [], "summary": {"covered_lines": 0, "num_statements": 30, "percent_covered": 0.0, "percent_covered_display": "0", "missing_lines": 30, "excluded_lines": 0, "percent_statements_covered": 0.0, "percent_statements_covered_display": "0", "num_branches": 14, "num_partial_branches": 0, "covered_branches": 0, "missing_branches": 14, "percent_branches_covered": 0.0, "percent_branches_covered_display": "0"}, "missing_lines": [90, 91, 93, 94, 95, 96, 98, 99, 100, 101, 103, 104, 105, 113, 114, 116, 117, 123, 124, 126, 127, 128, 130, 131, 132, 133, 134, 135, 136, 138], "excluded_lines": [], "start_line": 87, "executed_branches": [], "missing_branches": [[93, 94], [93, 98], [98, 99], [98, 103], [103, 104], [103, 116], [116, 117], [116, 126], [126, 127], [126, 130], [131, 132], [131, 134], [134, 135], [134, 138]]}, "": {"executed_lines": [3, 5, 6, 7, 9, 11, 12, 13, 14, 15, 16, 18, 19, 22, 43, 62, 87, 141], "summary": {"covered_lines": 18, "num_statements": 19, "percent_covered": 90.47619047619048, "percent_covered_display": "90", "missing_lines": 1, "excluded_lines": 0, "percent_statements_covered": 94.73684210526316, "percent_statements_covered_display": "95", "num_branches": 2, "num_partial_branches": 1, "covered_branches": 1, "missing_branches": 1, "percent_branches_covered": 50.0, "percent_branches_covered_display": "50"}, "missing_lines": [142], "excluded_lines": [], "start_line": 1, "executed_branches": [[141, -1]], "missing_branches": [[141, 142]]}}, "classes": {"": {"executed_lines": [3, 5, 6, 7, 9, 11, 12, 13, 14, 15, 16, 18, 19, 22, 25, 26, 27, 28, 30, 31, 32, 33, 34, 36, 37, 38, 39, 40, 43, 62, 87, 141], "summary": {"covered_lines": 32, "num_statements": 85, "percent_covered": 33.980582524271846, "percent_covered_display": "34", "missing_lines": 53, "excluded_lines": 0, "percent_statements_covered": 37.64705882352941, "percent_statements_covered_display": "38", "num_branches": 18, "num_partial_branches": 1, "covered_branches": 3, "missing_branches": 15, "percent_branches_covered": 16.666666666666668, "percent_branches_covered_display": "17"}, "missing_lines": [44, 45, 46, 47, 52, 53, 54, 55, 56, 57, 58, 59, 63, 64, 65, 67, 68, 69, 70, 71, 76, 77, 90, 91, 93, 94, 95, 96, 98, 99, 100, 101, 103, 104, 105, 113, 114, 116, 117, 123, 124, 126, 127, 128, 130, 131, 132, 133, 134, 135, 136, 138, 142], "excluded_lines": [], "start_line": 1, "executed_branches": [[27, 28], [27, 30], [141, -1]], "missing_branches": [[93, 94], [93, 98], [98, 99], [98, 103], [103, 104], [103, 116], [116, 117], [116, 126], [126, 127], [126, 130], [131, 132], [131, 134], [134, 135], [134, 138], [141, 142]]}}}, "03_pipeline/tkip/config.py": {"executed_lines": [3, 5, 6, 7, 9, 10, 12, 14, 15, 16, 19, 22, 25, 26, 27, 28, 29, 30, 31, 34, 35, 36, 37, 38, 39, 40, 43, 44, 45, 46, 47, 48, 50, 51, 52, 53, 54, 56, 59, 60, 61, 62, 63, 64, 65, 66, 69, 70, 71, 72, 73, 76, 77, 78, 79, 80, 81, 82, 83, 84, 85, 88, 89, 90, 91, 92, 93, 94, 95, 96, 97, 98, 99, 100, 101, 102, 103, 106, 107, 108, 111, 114, 122, 123, 126, 127, 128, 129, 130, 132, 133, 134, 137, 140, 141, 144, 147, 148, 149], "summary": {"covered_lines": 99, "num_statements": 103, "percent_covered": 94.4954128440367, "percent_covered_display": "94", "missing_lines": 4, "excluded_lines": 0, "percent_statements_covered": 96.11650485436893, "percent_statements_covered_display": "96", "num_branches": 6, "num_partial_branches": 2, "covered_branches": 4, "missing_branches": 2, "percent_branches_covered": 66.66666666666667, "percent_branches_covered_display": "67"}, "missing_lines": [55, 109, 110, 124], "excluded_lines": [], "executed_branches": [[52, 53], [52, 54], [54, 56], [123, 126]], "missing_branches": [[54, 55], [123, 124]], "functions": {"ChunkingConfig.validate_overlap": {"executed_lines": [52, 53, 54, 56], "summary": {"covered_lines": 4, "num_statements": 5, "percent_covered": 77.77777777777777, "percent_covered_display": "78", "missing_lines": 1, "excluded_lines": 0, "percent_statements_covered": 80.0, "percent_statements_covered_display": "80", "num_branches": 4, "num_partial_branches": 1, "covered_branches": 3, "missing_branches": 1, "percent_branches_covered": 75.0, "percent_branches_covered_display": "75"}, "missing_lines": [55], "excluded_lines": [], "start_line": 51, "executed_branches": [[52, 53], [52, 54], [54, 56]], "missing_branches": [[54, 55]]}, "_load_dotenv": {"executed_lines": [107, 108, 111], "summary": {"covered_lines": 3, "num_statements": 5, "percent_covered": 60.0, "percent_covered_display": "60", "missing_lines": 2, "excluded_lines": 0, "percent_statements_covered": 60.0, "percent_statements_covered_display": "60", "num_branches": 0, "num_partial_branches": 0, "covered_branches": 0, "missing_branches": 0, "percent_branches_covered": 100.0, "percent_branches_covered_display": "100"}, "missing_lines": [109, 110], "excluded_lines": [], "start_line": 106, "executed_branches": [], "missing_branches": []}, "load_config": {"executed_lines": [122, 123, 126, 127, 128, 129, 130, 132, 133, 134], "summary": {"covered_lines": 10, "num_statements": 11, "percent_covered": 84.61538461538461, "percent_covered_display": "85", "missing_lines": 1, "excluded_lines": 0, "percent_statements_covered": 90.9090909090909, "percent_statements_covered_display": "91", "num_branches": 2, "num_partial_branches": 1, "covered_branches": 1, "missing_branches": 1, "percent_branches_covered": 50.0, "percent_branches_covered_display": "50"}, "missing_lines": [124], "excluded_lines": [], "start_line": 114, "executed_branches": [[123, 126]], "missing_branches": [[123, 124]]}, "resolve_path": {"executed_lines": [140, 141], "summary": {"covered_lines": 2, "num_statements": 2, "percent_covered": 100.0, "percent_covered_display": "100", "missing_lines": 0, "excluded_lines": 0, "percent_statements_covered": 100.0, "percent_statements_covered_display": "100", "num_branches": 0, "num_partial_branches": 0, "covered_branches": 0, "missing_branches": 0, "percent_branches_covered": 100.0, "percent_branches_covered_display": "100"}, "missing_lines": [], "excluded_lines": [], "start_line": 137, "executed_branches": [], "missing_branches": []}, "gemini_api_key": {"executed_lines": [147, 148, 149], "summary": {"covered_lines": 3, "num_statements": 3, "percent_covered": 100.0, "percent_covered_display": "100", "missing_lines": 0, "excluded_lines": 0, "percent_statements_covered": 100.0, "percent_statements_covered_display": "100", "num_branches": 0, "num_partial_branches": 0, "covered_branches": 0, "missing_branches": 0, "percent_branches_covered": 100.0, "percent_branches_covered_display": "100"}, "missing_lines": [], "excluded_lines": [], "start_line": 144, "executed_branches": [], "missing_branches": []}, "": {"executed_lines": [3, 5, 6, 7, 9, 10, 12, 14, 15, 16, 19, 22, 25, 26, 27, 28, 29, 30, 31, 34, 35, 36, 37, 38, 39, 40, 43, 44, 45, 46, 47, 48, 50, 51, 59, 60, 61, 62, 63, 64, 65, 66, 69, 70, 71, 72, 73, 76, 77, 78, 79, 80, 81, 82, 83, 84, 85, 88, 89, 90, 91, 92, 93, 94, 95, 96, 97, 98, 99, 100, 101, 102, 103, 106, 114, 137, 144], "summary": {"covered_lines": 77, "num_statements": 77, "percent_covered": 100.0, "percent_covered_display": "100", "missing_lines": 0, "excluded_lines": 0, "percent_statements_covered": 100.0, "percent_statements_covered_display": "100", "num_branches": 0, "num_partial_branches": 0, "covered_branches": 0, "missing_branches": 0, "percent_branches_covered": 100.0, "percent_branches_covered_display": "100"}, "missing_lines": [], "excluded_lines": [], "start_line": 1, "executed_branches": [], "missing_branches": []}}, "classes": {"FlexibleModel": {"executed_lines": [], "summary": {"covered_lines": 0, "num_statements": 0, "percent_covered": 100.0, "percent_covered_display": "100", "missing_lines": 0, "excluded_lines": 0, "percent_statements_covered": 100.0, "percent_statements_covered_display": "100", "num_branches": 0, "num_partial_branches": 0, "covered_branches": 0, "missing_branches": 0, "percent_branches_covered": 100.0, "percent_branches_covered_display": "100"}, "missing_lines": [], "excluded_lines": [], "start_line": 19, "executed_branches": [], "missing_branches": []}, "GeminiConfig": {"executed_lines": [], "summary": {"covered_lines": 0, "num_statements": 0, "percent_covered": 100.0, "percent_covered_display": "100", "missing_lines": 0, "excluded_lines": 0, "percent_statements_covered": 100.0, "percent_statements_covered_display": "100", "num_branches": 0, "num_partial_branches": 0, "covered_branches": 0, "missing_branches": 0, "percent_branches_covered": 100.0, "percent_branches_covered_display": "100"}, "missing_lines": [], "excluded_lines": [], "start_line": 25, "executed_branches": [], "missing_branches": []}, "EmbeddingConfig": {"executed_lines": [], "summary": {"covered_lines": 0, "num_statements": 0, "percent_covered": 100.0, "percent_covered_display": "100", "missing_lines": 0, "excluded_lines": 0, "percent_statements_covered": 100.0, "percent_statements_covered_display": "100", "num_branches": 0, "num_partial_branches": 0, "covered_branches": 0, "missing_branches": 0, "percent_branches_covered": 100.0, "percent_branches_covered_display": "100"}, "missing_lines": [], "excluded_lines": [], "start_line": 34, "executed_branches": [], "missing_branches": []}, "ChunkingConfig": {"executed_lines": [52, 53, 54, 56], "summary": {"covered_lines": 4, "num_statements": 5, "percent_covered": 77.77777777777777, "percent_covered_display": "78", "missing_lines": 1, "excluded_lines": 0, "percent_statements_covered": 80.0, "percent_statements_covered_display": "80", "num_branches": 4, "num_partial_branches": 1, "covered_branches": 3, "missing_branches": 1, "percent_branches_covered": 75.0, "percent_branches_covered_display": "75"}, "missing_lines": [55], "excluded_lines": [], "start_line": 43, "executed_branches": [[52, 53], [52, 54], [54, 56]], "missing_branches": [[54, 55]]}, "RetrievalConfig": {"executed_lines": [], "summary": {"covered_lines": 0, "num_statements": 0, "percent_covered": 100.0, "percent_covered_display": "100", "missing_lines": 0, "excluded_lines": 0, "percent_statements_covered": 100.0, "percent_statements_covered_display": "100", "num_branches": 0, "num_partial_branches": 0, "covered_branches": 0, "missing_branches": 0, "percent_branches_covered": 100.0, "percent_branches_covered_display": "100"}, "missing_lines": [], "excluded_lines": [], "start_line": 59, "executed_branches": [], "missing_branches": []}, "ContextConfig": {"executed_lines": [], "summary": {"covered_lines": 0, "num_statements": 0, "percent_covered": 100.0, "percent_covered_display": "100", "missing_lines": 0, "excluded_lines": 0, "percent_statements_covered": 100.0, "percent_statements_covered_display": "100", "num_branches": 0, "num_partial_branches": 0, "covered_branches": 0, "missing_branches": 0, "percent_branches_covered": 100.0, "percent_branches_covered_display": "100"}, "missing_lines": [], "excluded_lines": [], "start_line": 69, "executed_branches": [], "missing_branches": []}, "PathsConfig": {"executed_lines": [], "summary": {"covered_lines": 0, "num_statements": 0, "percent_covered": 100.0, "percent_covered_display": "100", "missing_lines": 0, "excluded_lines": 0, "percent_statements_covered": 100.0, "percent_statements_covered_display": "100", "num_branches": 0, "num_partial_branches": 0, "covered_branches": 0, "missing_branches": 0, "percent_branches_covered": 100.0, "percent_branches_covered_display": "100"}, "missing_lines": [], "excluded_lines": [], "start_line": 76, "executed_branches": [], "missing_branches": []}, "AppConfig": {"executed_lines": [], "summary": {"covered_lines": 0, "num_statements": 0, "percent_covered": 100.0, "percent_covered_display": "100", "missing_lines": 0, "excluded_lines": 0, "percent_statements_covered": 100.0, "percent_statements_covered_display": "100", "num_branches": 0, "num_partial_branches": 0, "covered_branches": 0, "missing_branches": 0, "percent_branches_covered": 100.0, "percent_branches_covered_display": "100"}, "missing_lines": [], "excluded_lines": [], "start_line": 88, "executed_branches": [], "missing_branches": []}, "": {"executed_lines": [3, 5, 6, 7, 9, 10, 12, 14, 15, 16, 19, 22, 25, 26, 27, 28, 29, 30, 31, 34, 35, 36, 37, 38, 39, 40, 43, 44, 45, 46, 47, 48, 50, 51, 59, 60, 61, 62, 63, 64, 65, 66, 69, 70, 71, 72, 73, 76, 77, 78, 79, 80, 81, 82, 83, 84, 85, 88, 89, 90, 91, 92, 93, 94, 95, 96, 97, 98, 99, 100, 101, 102, 103, 106, 107, 108, 111, 114, 122, 123, 126, 127, 128, 129, 130, 132, 133, 134, 137, 140, 141, 144, 147, 148, 149], "summary": {"covered_lines": 95, "num_statements": 98, "percent_covered": 96.0, "percent_covered_display": "96", "missing_lines": 3, "excluded_lines": 0, "percent_statements_covered": 96.93877551020408, "percent_statements_covered_display": "97", "num_branches": 2, "num_partial_branches": 1, "covered_branches": 1, "missing_branches": 1, "percent_branches_covered": 50.0, "percent_branches_covered_display": "50"}, "missing_lines": [109, 110, 124], "excluded_lines": [], "start_line": 1, "executed_branches": [[123, 126]], "missing_branches": [[123, 124]]}}}, "03_pipeline/tkip/context.py": {"executed_lines": [3, 5, 6, 7, 8, 10, 12, 15, 18, 25, 28, 29, 31, 41, 42, 43, 46, 48, 49, 50, 52, 53, 54, 55, 56, 62, 63, 66, 67, 68, 70, 71, 72, 78, 86, 87, 88, 89, 97], "summary": {"covered_lines": 39, "num_statements": 41, "percent_covered": 91.83673469387755, "percent_covered_display": "92", "missing_lines": 2, "excluded_lines": 0, "percent_statements_covered": 95.1219512195122, "percent_statements_covered_display": "95", "num_branches": 8, "num_partial_branches": 2, "covered_branches": 6, "missing_branches": 2, "percent_branches_covered": 75.0, "percent_branches_covered_display": "75"}, "missing_lines": [60, 64], "excluded_lines": [], "executed_branches": [[52, 53], [52, 70], [54, 55], [54, 56], [56, 62], [63, 66]], "missing_branches": [[56, 60], [63, 64]], "functions": {"text_similarity": {"executed_lines": [18], "summary": {"covered_lines": 1, "num_statements": 1, "percent_covered": 100.0, "percent_covered_display": "100", "missing_lines": 0, "excluded_lines": 0, "percent_statements_covered": 100.0, "percent_statements_covered_display": "100", "num_branches": 0, "num_partial_branches": 0, "covered_branches": 0, "missing_branches": 0, "percent_branches_covered": 100.0, "percent_branches_covered_display": "100"}, "missing_lines": [], "excluded_lines": [], "start_line": 15, "executed_branches": [], "missing_branches": []}, "ContextBuilder.__init__": {"executed_lines": [29], "summary": {"covered_lines": 1, "num_statements": 1, "percent_covered": 100.0, "percent_covered_display": "100", "missing_lines": 0, "excluded_lines": 0, "percent_statements_covered": 100.0, "percent_statements_covered_display": "100", "num_branches": 0, "num_partial_branches": 0, "covered_branches": 0, "missing_branches": 0, "percent_branches_covered": 100.0, "percent_branches_covered_display": "100"}, "missing_lines": [], "excluded_lines": [], "start_line": 28, "executed_branches": [], "missing_branches": []}, "ContextBuilder.build": {"executed_lines": [41, 42, 43, 46, 48, 49, 50, 52, 53, 54, 55, 56, 62, 63, 66, 67, 68, 70, 71, 72, 78], "summary": {"covered_lines": 21, "num_statements": 23, "percent_covered": 87.09677419354838, "percent_covered_display": "87", "missing_lines": 2, "excluded_lines": 0, "percent_statements_covered": 91.30434782608695, "percent_statements_covered_display": "91", "num_branches": 8, "num_partial_branches": 2, "covered_branches": 6, "missing_branches": 2, "percent_branches_covered": 75.0, "percent_branches_covered_display": "75"}, "missing_lines": [60, 64], "excluded_lines": [], "start_line": 31, "executed_branches": [[52, 53], [52, 70], [54, 55], [54, 56], [56, 62], [63, 66]], "missing_branches": [[56, 60], [63, 64]]}, "ContextBuilder._render_source": {"executed_lines": [88, 89], "summary": {"covered_lines": 2, "num_statements": 2, "percent_covered": 100.0, "percent_covered_display": "100", "missing_lines": 0, "excluded_lines": 0, "percent_statements_covered": 100.0, "percent_statements_covered_display": "100", "num_branches": 0, "num_partial_branches": 0, "covered_branches": 0, "missing_branches": 0, "percent_branches_covered": 100.0, "percent_branches_covered_display": "100"}, "missing_lines": [], "excluded_lines": [], "start_line": 87, "executed_branches": [], "missing_branches": []}, "": {"executed_lines": [3, 5, 6, 7, 8, 10, 12, 15, 25, 28, 31, 86, 87, 97], "summary": {"covered_lines": 14, "num_statements": 14, "percent_covered": 100.0, "percent_covered_display": "100", "missing_lines": 0, "excluded_lines": 0, "percent_statements_covered": 100.0, "percent_statements_covered_display": "100", "num_branches": 0, "num_partial_branches": 0, "covered_branches": 0, "missing_branches": 0, "percent_branches_covered": 100.0, "percent_branches_covered_display": "100"}, "missing_lines": [], "excluded_lines": [], "start_line": 1, "executed_branches": [], "missing_branches": []}}, "classes": {"ContextBuilder": {"executed_lines": [29, 41, 42, 43, 46, 48, 49, 50, 52, 53, 54, 55, 56, 62, 63, 66, 67, 68, 70, 71, 72, 78, 88, 89], "summary": {"covered_lines": 24, "num_statements": 26, "percent_covered": 88.23529411764706, "percent_covered_display": "88", "missing_lines": 2, "excluded_lines": 0, "percent_statements_covered": 92.3076923076923, "percent_statements_covered_display": "92", "num_branches": 8, "num_partial_branches": 2, "covered_branches": 6, "missing_branches": 2, "percent_branches_covered": 75.0, "percent_branches_covered_display": "75"}, "missing_lines": [60, 64], "excluded_lines": [], "start_line": 25, "executed_branches": [[52, 53], [52, 70], [54, 55], [54, 56], [56, 62], [63, 66]], "missing_branches": [[56, 60], [63, 64]]}, "": {"executed_lines": [3, 5, 6, 7, 8, 10, 12, 15, 18, 25, 28, 31, 86, 87, 97], "summary": {"covered_lines": 15, "num_statements": 15, "percent_covered": 100.0, "percent_covered_display": "100", "missing_lines": 0, "excluded_lines": 0, "percent_statements_covered": 100.0, "percent_statements_covered_display": "100", "num_branches": 0, "num_partial_branches": 0, "covered_branches": 0, "missing_branches": 0, "percent_branches_covered": 100.0, "percent_branches_covered_display": "100"}, "missing_lines": [], "excluded_lines": [], "start_line": 1, "executed_branches": [], "missing_branches": []}}}, "03_pipeline/tkip/costs.py": {"executed_lines": [1, 3, 4, 5, 6, 7, 8, 9], "summary": {"covered_lines": 8, "num_statements": 8, "percent_covered": 83.33333333333333, "percent_covered_display": "83", "missing_lines": 0, "excluded_lines": 0, "percent_statements_covered": 100.0, "percent_statements_covered_display": "100", "num_branches": 4, "num_partial_branches": 2, "covered_branches": 2, "missing_branches": 2, "percent_branches_covered": 50.0, "percent_branches_covered_display": "50"}, "missing_lines": [], "excluded_lines": [], "executed_branches": [[4, 5], [8, 9]], "missing_branches": [[4, -3], [8, -3]], "functions": {"estimate_gemini_cost_usd": {"executed_lines": [4, 5, 6, 7, 8, 9], "summary": {"covered_lines": 6, "num_statements": 6, "percent_covered": 80.0, "percent_covered_display": "80", "missing_lines": 0, "excluded_lines": 0, "percent_statements_covered": 100.0, "percent_statements_covered_display": "100", "num_branches": 4, "num_partial_branches": 2, "covered_branches": 2, "missing_branches": 2, "percent_branches_covered": 50.0, "percent_branches_covered_display": "50"}, "missing_lines": [], "excluded_lines": [], "start_line": 3, "executed_branches": [[4, 5], [8, 9]], "missing_branches": [[4, -3], [8, -3]]}, "": {"executed_lines": [1, 3], "summary": {"covered_lines": 2, "num_statements": 2, "percent_covered": 100.0, "percent_covered_display": "100", "missing_lines": 0, "excluded_lines": 0, "percent_statements_covered": 100.0, "percent_statements_covered_display": "100", "num_branches": 0, "num_partial_branches": 0, "covered_branches": 0, "missing_branches": 0, "percent_branches_covered": 100.0, "percent_branches_covered_display": "100"}, "missing_lines": [], "excluded_lines": [], "start_line": 1, "executed_branches": [], "missing_branches": []}}, "classes": {"": {"executed_lines": [1, 3, 4, 5, 6, 7, 8, 9], "summary": {"covered_lines": 8, "num_statements": 8, "percent_covered": 83.33333333333333, "percent_covered_display": "83", "missing_lines": 0, "excluded_lines": 0, "percent_statements_covered": 100.0, "percent_statements_covered_display": "100", "num_branches": 4, "num_partial_branches": 2, "covered_branches": 2, "missing_branches": 2, "percent_branches_covered": 50.0, "percent_branches_covered_display": "50"}, "missing_lines": [], "excluded_lines": [], "start_line": 1, "executed_branches": [[4, 5], [8, 9]], "missing_branches": [[4, -3], [8, -3]]}}}, "03_pipeline/tkip/document_media.py": {"executed_lines": [1, 3, 4, 6, 7, 8, 10, 13, 17, 24], "summary": {"covered_lines": 10, "num_statements": 70, "percent_covered": 10.638297872340425, "percent_covered_display": "11", "missing_lines": 60, "excluded_lines": 0, "percent_statements_covered": 14.285714285714286, "percent_statements_covered_display": "14", "num_branches": 24, "num_partial_branches": 0, "covered_branches": 0, "missing_branches": 24, "percent_branches_covered": 0.0, "percent_branches_covered_display": "0"}, "missing_lines": [14, 18, 19, 20, 21, 32, 33, 34, 36, 37, 38, 39, 40, 41, 42, 43, 44, 45, 46, 47, 48, 50, 51, 52, 53, 54, 55, 58, 59, 60, 61, 62, 63, 64, 65, 66, 67, 68, 69, 70, 72, 73, 74, 75, 76, 77, 78, 79, 81, 82, 83, 84, 85, 86, 87, 88, 96, 97, 98, 99], "excluded_lines": [], "executed_branches": [], "missing_branches": [[18, 19], [18, 21], [19, 18], [19, 20], [36, 37], [36, 99], [37, 38], [37, 39], [40, 41], [40, 42], [43, 44], [43, 45], [45, 46], [45, 47], [59, 60], [59, 72], [66, 59], [66, 67], [72, 73], [72, 81], [76, 77], [76, 78], [82, 83], [82, 85]], "functions": {"_safe_page": {"executed_lines": [], "summary": {"covered_lines": 0, "num_statements": 1, "percent_covered": 0.0, "percent_covered_display": "0", "missing_lines": 1, "excluded_lines": 0, "percent_statements_covered": 0.0, "percent_statements_covered_display": "0", "num_branches": 0, "num_partial_branches": 0, "covered_branches": 0, "missing_branches": 0, "percent_branches_covered": 100.0, "percent_branches_covered_display": "100"}, "missing_lines": [14], "excluded_lines": [], "start_line": 13, "executed_branches": [], "missing_branches": []}, "_chunk_by_id": {"executed_lines": [], "summary": {"covered_lines": 0, "num_statements": 4, "percent_covered": 0.0, "percent_covered_display": "0", "missing_lines": 4, "excluded_lines": 0, "percent_statements_covered": 0.0, "percent_statements_covered_display": "0", "num_branches": 4, "num_partial_branches": 0, "covered_branches": 0, "missing_branches": 4, "percent_branches_covered": 0.0, "percent_branches_covered_display": "0"}, "missing_lines": [18, 19, 20, 21], "excluded_lines": [], "start_line": 17, "executed_branches": [], "missing_branches": [[18, 19], [18, 21], [19, 18], [19, 20]]}, "extract_source_visuals": {"executed_lines": [], "summary": {"covered_lines": 0, "num_statements": 55, "percent_covered": 0.0, "percent_covered_display": "0", "missing_lines": 55, "excluded_lines": 0, "percent_statements_covered": 0.0, "percent_statements_covered_display": "0", "num_branches": 20, "num_partial_branches": 0, "covered_branches": 0, "missing_branches": 20, "percent_branches_covered": 0.0, "percent_branches_covered_display": "0"}, "missing_lines": [32, 33, 34, 36, 37, 38, 39, 40, 41, 42, 43, 44, 45, 46, 47, 48, 50, 51, 52, 53, 54, 55, 58, 59, 60, 61, 62, 63, 64, 65, 66, 67, 68, 69, 70, 72, 73, 74, 75, 76, 77, 78, 79, 81, 82, 83, 84, 85, 86, 87, 88, 96, 97, 98, 99], "excluded_lines": [], "start_line": 24, "executed_branches": [], "missing_branches": [[36, 37], [36, 99], [37, 38], [37, 39], [40, 41], [40, 42], [43, 44], [43, 45], [45, 46], [45, 47], [59, 60], [59, 72], [66, 59], [66, 67], [72, 73], [72, 81], [76, 77], [76, 78], [82, 83], [82, 85]]}, "": {"executed_lines": [1, 3, 4, 6, 7, 8, 10, 13, 17, 24], "summary": {"covered_lines": 10, "num_statements": 10, "percent_covered": 100.0, "percent_covered_display": "100", "missing_lines": 0, "excluded_lines": 0, "percent_statements_covered": 100.0, "percent_statements_covered_display": "100", "num_branches": 0, "num_partial_branches": 0, "covered_branches": 0, "missing_branches": 0, "percent_branches_covered": 100.0, "percent_branches_covered_display": "100"}, "missing_lines": [], "excluded_lines": [], "start_line": 1, "executed_branches": [], "missing_branches": []}}, "classes": {"": {"executed_lines": [1, 3, 4, 6, 7, 8, 10, 13, 17, 24], "summary": {"covered_lines": 10, "num_statements": 70, "percent_covered": 10.638297872340425, "percent_covered_display": "11", "missing_lines": 60, "excluded_lines": 0, "percent_statements_covered": 14.285714285714286, "percent_statements_covered_display": "14", "num_branches": 24, "num_partial_branches": 0, "covered_branches": 0, "missing_branches": 24, "percent_branches_covered": 0.0, "percent_branches_covered_display": "0"}, "missing_lines": [14, 18, 19, 20, 21, 32, 33, 34, 36, 37, 38, 39, 40, 41, 42, 43, 44, 45, 46, 47, 48, 50, 51, 52, 53, 54, 55, 58, 59, 60, 61, 62, 63, 64, 65, 66, 67, 68, 69, 70, 72, 73, 74, 75, 76, 77, 78, 79, 81, 82, 83, 84, 85, 86, 87, 88, 96, 97, 98, 99], "excluded_lines": [], "start_line": 1, "executed_branches": [], "missing_branches": [[18, 19], [18, 21], [19, 18], [19, 20], [36, 37], [36, 99], [37, 38], [37, 39], [40, 41], [40, 42], [43, 44], [43, 45], [45, 46], [45, 47], [59, 60], [59, 72], [66, 59], [66, 67], [72, 73], [72, 81], [76, 77], [76, 78], [82, 83], [82, 85]]}}}, "03_pipeline/tkip/embeddings.py": {"executed_lines": [3, 5, 6, 7, 8, 10, 12, 13, 14, 16, 19, 22, 23, 26, 29, 32, 35, 36, 38, 39, 40, 41, 42, 43, 44, 45, 47, 48, 50, 51, 52, 53, 56, 59, 77, 120, 123, 124, 125, 127, 140], "summary": {"covered_lines": 41, "num_statements": 79, "percent_covered": 47.422680412371136, "percent_covered_display": "47", "missing_lines": 38, "excluded_lines": 0, "percent_statements_covered": 51.89873417721519, "percent_statements_covered_display": "52", "num_branches": 18, "num_partial_branches": 1, "covered_branches": 5, "missing_branches": 13, "percent_branches_covered": 27.77777777777778, "percent_branches_covered_display": "28"}, "missing_lines": [66, 68, 69, 70, 71, 72, 73, 74, 75, 78, 80, 81, 82, 83, 84, 85, 92, 93, 94, 95, 96, 97, 98, 105, 107, 108, 112, 113, 114, 115, 116, 117, 128, 129, 135, 136, 137, 138], "excluded_lines": [], "executed_branches": [[40, 41], [40, 47], [51, 52], [51, 53], [127, 140]], "missing_branches": [[69, 70], [69, 71], [81, 82], [81, 112], [83, 84], [83, 107], [107, 81], [107, 108], [113, 114], [113, 115], [127, 128], [136, 137], [136, 138]], "functions": {"EmbeddingProvider.embed_documents": {"executed_lines": [], "summary": {"covered_lines": 0, "num_statements": 0, "percent_covered": 100.0, "percent_covered_display": "100", "missing_lines": 0, "excluded_lines": 0, "percent_statements_covered": 100.0, "percent_statements_covered_display": "100", "num_branches": 0, "num_partial_branches": 0, "covered_branches": 0, "missing_branches": 0, "percent_branches_covered": 100.0, "percent_branches_covered_display": "100"}, "missing_lines": [], "excluded_lines": [], "start_line": 23, "executed_branches": [], "missing_branches": []}, "EmbeddingProvider.embed_query": {"executed_lines": [29], "summary": {"covered_lines": 1, "num_statements": 1, "percent_covered": 100.0, "percent_covered_display": "100", "missing_lines": 0, "excluded_lines": 0, "percent_statements_covered": 100.0, "percent_statements_covered_display": "100", "num_branches": 0, "num_partial_branches": 0, "covered_branches": 0, "missing_branches": 0, "percent_branches_covered": 100.0, "percent_branches_covered_display": "100"}, "missing_lines": [], "excluded_lines": [], "start_line": 26, "executed_branches": [], "missing_branches": []}, "LocalHashingEmbeddingProvider.__init__": {"executed_lines": [36], "summary": {"covered_lines": 1, "num_statements": 1, "percent_covered": 100.0, "percent_covered_display": "100", "missing_lines": 0, "excluded_lines": 0, "percent_statements_covered": 100.0, "percent_statements_covered_display": "100", "num_branches": 0, "num_partial_branches": 0, "covered_branches": 0, "missing_branches": 0, "percent_branches_covered": 100.0, "percent_branches_covered_display": "100"}, "missing_lines": [], "excluded_lines": [], "start_line": 35, "executed_branches": [], "missing_branches": []}, "LocalHashingEmbeddingProvider._embed_one": {"executed_lines": [39, 40, 41, 42, 43, 44, 45, 47, 48], "summary": {"covered_lines": 9, "num_statements": 9, "percent_covered": 100.0, "percent_covered_display": "100", "missing_lines": 0, "excluded_lines": 0, "percent_statements_covered": 100.0, "percent_statements_covered_display": "100", "num_branches": 2, "num_partial_branches": 0, "covered_branches": 2, "missing_branches": 0, "percent_branches_covered": 100.0, "percent_branches_covered_display": "100"}, "missing_lines": [], "excluded_lines": [], "start_line": 38, "executed_branches": [[40, 41], [40, 47]], "missing_branches": []}, "LocalHashingEmbeddingProvider.embed_documents": {"executed_lines": [51, 52, 53], "summary": {"covered_lines": 3, "num_statements": 3, "percent_covered": 100.0, "percent_covered_display": "100", "missing_lines": 0, "excluded_lines": 0, "percent_statements_covered": 100.0, "percent_statements_covered_display": "100", "num_branches": 2, "num_partial_branches": 0, "covered_branches": 2, "missing_branches": 0, "percent_branches_covered": 100.0, "percent_branches_covered_display": "100"}, "missing_lines": [], "excluded_lines": [], "start_line": 50, "executed_branches": [[51, 52], [51, 53]], "missing_branches": []}, "GeminiEmbeddingProvider.__init__": {"executed_lines": [], "summary": {"covered_lines": 0, "num_statements": 9, "percent_covered": 0.0, "percent_covered_display": "0", "missing_lines": 9, "excluded_lines": 0, "percent_statements_covered": 0.0, "percent_statements_covered_display": "0", "num_branches": 2, "num_partial_branches": 0, "covered_branches": 0, "missing_branches": 2, "percent_branches_covered": 0.0, "percent_branches_covered_display": "0"}, "missing_lines": [66, 68, 69, 70, 71, 72, 73, 74, 75], "excluded_lines": [], "start_line": 59, "executed_branches": [], "missing_branches": [[69, 70], [69, 71]]}, "GeminiEmbeddingProvider.embed_documents": {"executed_lines": [], "summary": {"covered_lines": 0, "num_statements": 23, "percent_covered": 0.0, "percent_covered_display": "0", "missing_lines": 23, "excluded_lines": 0, "percent_statements_covered": 0.0, "percent_statements_covered_display": "0", "num_branches": 8, "num_partial_branches": 0, "covered_branches": 0, "missing_branches": 8, "percent_branches_covered": 0.0, "percent_branches_covered_display": "0"}, "missing_lines": [78, 80, 81, 82, 83, 84, 85, 92, 93, 94, 95, 96, 97, 98, 105, 107, 108, 112, 113, 114, 115, 116, 117], "excluded_lines": [], "start_line": 77, "executed_branches": [], "missing_branches": [[81, 82], [81, 112], [83, 84], [83, 107], [107, 81], [107, 108], [113, 114], [113, 115]]}, "create_embedding_provider": {"executed_lines": [123, 124, 125, 127, 140], "summary": {"covered_lines": 5, "num_statements": 11, "percent_covered": 40.0, "percent_covered_display": "40", "missing_lines": 6, "excluded_lines": 0, "percent_statements_covered": 45.45454545454545, "percent_statements_covered_display": "45", "num_branches": 4, "num_partial_branches": 1, "covered_branches": 1, "missing_branches": 3, "percent_branches_covered": 25.0, "percent_branches_covered_display": "25"}, "missing_lines": [128, 129, 135, 136, 137, 138], "excluded_lines": [], "start_line": 120, "executed_branches": [[127, 140]], "missing_branches": [[127, 128], [136, 137], [136, 138]]}, "": {"executed_lines": [3, 5, 6, 7, 8, 10, 12, 13, 14, 16, 19, 22, 23, 26, 32, 35, 38, 50, 56, 59, 77, 120], "summary": {"covered_lines": 22, "num_statements": 22, "percent_covered": 100.0, "percent_covered_display": "100", "missing_lines": 0, "excluded_lines": 0, "percent_statements_covered": 100.0, "percent_statements_covered_display": "100", "num_branches": 0, "num_partial_branches": 0, "covered_branches": 0, "missing_branches": 0, "percent_branches_covered": 100.0, "percent_branches_covered_display": "100"}, "missing_lines": [], "excluded_lines": [], "start_line": 1, "executed_branches": [], "missing_branches": []}}, "classes": {"EmbeddingProvider": {"executed_lines": [29], "summary": {"covered_lines": 1, "num_statements": 1, "percent_covered": 100.0, "percent_covered_display": "100", "missing_lines": 0, "excluded_lines": 0, "percent_statements_covered": 100.0, "percent_statements_covered_display": "100", "num_branches": 0, "num_partial_branches": 0, "covered_branches": 0, "missing_branches": 0, "percent_branches_covered": 100.0, "percent_branches_covered_display": "100"}, "missing_lines": [], "excluded_lines": [], "start_line": 19, "executed_branches": [], "missing_branches": []}, "LocalHashingEmbeddingProvider": {"executed_lines": [36, 39, 40, 41, 42, 43, 44, 45, 47, 48, 51, 52, 53], "summary": {"covered_lines": 13, "num_statements": 13, "percent_covered": 100.0, "percent_covered_display": "100", "missing_lines": 0, "excluded_lines": 0, "percent_statements_covered": 100.0, "percent_statements_covered_display": "100", "num_branches": 4, "num_partial_branches": 0, "covered_branches": 4, "missing_branches": 0, "percent_branches_covered": 100.0, "percent_branches_covered_display": "100"}, "missing_lines": [], "excluded_lines": [], "start_line": 32, "executed_branches": [[40, 41], [40, 47], [51, 52], [51, 53]], "missing_branches": []}, "GeminiEmbeddingProvider": {"executed_lines": [], "summary": {"covered_lines": 0, "num_statements": 32, "percent_covered": 0.0, "percent_covered_display": "0", "missing_lines": 32, "excluded_lines": 0, "percent_statements_covered": 0.0, "percent_statements_covered_display": "0", "num_branches": 10, "num_partial_branches": 0, "covered_branches": 0, "missing_branches": 10, "percent_branches_covered": 0.0, "percent_branches_covered_display": "0"}, "missing_lines": [66, 68, 69, 70, 71, 72, 73, 74, 75, 78, 80, 81, 82, 83, 84, 85, 92, 93, 94, 95, 96, 97, 98, 105, 107, 108, 112, 113, 114, 115, 116, 117], "excluded_lines": [], "start_line": 56, "executed_branches": [], "missing_branches": [[69, 70], [69, 71], [81, 82], [81, 112], [83, 84], [83, 107], [107, 81], [107, 108], [113, 114], [113, 115]]}, "": {"executed_lines": [3, 5, 6, 7, 8, 10, 12, 13, 14, 16, 19, 22, 23, 26, 32, 35, 38, 50, 56, 59, 77, 120, 123, 124, 125, 127, 140], "summary": {"covered_lines": 27, "num_statements": 33, "percent_covered": 75.67567567567568, "percent_covered_display": "76", "missing_lines": 6, "excluded_lines": 0, "percent_statements_covered": 81.81818181818181, "percent_statements_covered_display": "82", "num_branches": 4, "num_partial_branches": 1, "covered_branches": 1, "missing_branches": 3, "percent_branches_covered": 25.0, "percent_branches_covered_display": "25"}, "missing_lines": [128, 129, 135, 136, 137, 138], "excluded_lines": [], "start_line": 1, "executed_branches": [[127, 140]], "missing_branches": [[127, 128], [136, 137], [136, 138]]}}}, "03_pipeline/tkip/evaluation.py": {"executed_lines": [3, 5, 6, 7, 8, 9, 11, 13, 14, 15, 17, 18, 32, 39, 44, 45, 47, 53, 56, 88, 91, 96, 97, 98, 101, 124, 204, 210, 213, 234, 235, 236, 237, 238, 239, 240, 241, 242, 243, 244, 245, 246, 249, 252, 262, 263, 264, 265, 266, 276, 326, 333, 334, 335, 336, 340, 353, 356, 359, 360, 361, 362, 365, 368, 371, 374, 376, 386, 404, 412, 416, 423, 424, 425, 426, 427, 428, 429, 432, 451, 471, 489, 509, 510, 512, 513, 516, 527, 528], "summary": {"covered_lines": 89, "num_statements": 189, "percent_covered": 42.97872340425532, "percent_covered_display": "43", "missing_lines": 100, "excluded_lines": 0, "percent_statements_covered": 47.08994708994709, "percent_statements_covered_display": "47", "num_branches": 46, "num_partial_branches": 6, "covered_branches": 12, "missing_branches": 34, "percent_branches_covered": 26.08695652173913, "percent_branches_covered_display": "26"}, "missing_lines": [46, 64, 65, 66, 68, 69, 70, 71, 72, 85, 104, 105, 106, 107, 108, 109, 110, 111, 112, 121, 131, 132, 133, 135, 136, 137, 138, 139, 140, 142, 151, 160, 161, 171, 172, 183, 184, 185, 187, 198, 199, 200, 201, 211, 253, 286, 287, 293, 294, 295, 297, 298, 304, 305, 306, 307, 308, 310, 311, 312, 313, 314, 316, 317, 318, 319, 321, 322, 323, 338, 357, 387, 388, 389, 390, 392, 393, 401, 439, 440, 441, 442, 458, 459, 460, 461, 462, 477, 478, 479, 480, 497, 498, 499, 500, 511, 517, 518, 522, 523], "excluded_lines": [], "executed_branches": [[45, 47], [210, 213], [236, 237], [236, 246], [239, 240], [239, 241], [252, 262], [335, 336], [356, 359], [423, 424], [423, 429], [510, 512]], "missing_branches": [[45, 46], [68, 69], [68, 85], [105, 106], [105, 121], [107, 108], [107, 109], [135, 136], [135, 183], [137, 138], [137, 139], [184, 185], [184, 187], [199, 200], [199, 201], [210, 211], [252, 253], [297, 298], [297, 321], [307, 308], [307, 310], [312, 313], [312, 314], [317, 318], [317, 319], [335, 338], [356, 357], [387, 388], [387, 389], [389, 390], [389, 392], [510, 511], [517, 518], [517, 522]], "functions": {"retrieval_metrics": {"executed_lines": [39, 44, 45, 47, 53], "summary": {"covered_lines": 5, "num_statements": 6, "percent_covered": 75.0, "percent_covered_display": "75", "missing_lines": 1, "excluded_lines": 0, "percent_statements_covered": 83.33333333333333, "percent_statements_covered_display": "83", "num_branches": 2, "num_partial_branches": 1, "covered_branches": 1, "missing_branches": 1, "percent_branches_covered": 50.0, "percent_branches_covered_display": "50"}, "missing_lines": [46], "excluded_lines": [], "start_line": 32, "executed_branches": [[45, 47]], "missing_branches": [[45, 46]]}, "generate_eval_dataset": {"executed_lines": [], "summary": {"covered_lines": 0, "num_statements": 9, "percent_covered": 0.0, "percent_covered_display": "0", "missing_lines": 9, "excluded_lines": 0, "percent_statements_covered": 0.0, "percent_statements_covered_display": "0", "num_branches": 2, "num_partial_branches": 0, "covered_branches": 0, "missing_branches": 2, "percent_branches_covered": 0.0, "percent_branches_covered_display": "0"}, "missing_lines": [64, 65, 66, 68, 69, 70, 71, 72, 85], "excluded_lines": [], "start_line": 56, "executed_branches": [], "missing_branches": [[68, 69], [68, 85]]}, "ndcg": {"executed_lines": [91, 96, 97, 98], "summary": {"covered_lines": 4, "num_statements": 4, "percent_covered": 100.0, "percent_covered_display": "100", "missing_lines": 0, "excluded_lines": 0, "percent_statements_covered": 100.0, "percent_statements_covered_display": "100", "num_branches": 0, "num_partial_branches": 0, "covered_branches": 0, "missing_branches": 0, "percent_branches_covered": 100.0, "percent_branches_covered_display": "100"}, "missing_lines": [], "excluded_lines": [], "start_line": 88, "executed_branches": [], "missing_branches": []}, "run_retrieval_benchmark": {"executed_lines": [], "summary": {"covered_lines": 0, "num_statements": 10, "percent_covered": 0.0, "percent_covered_display": "0", "missing_lines": 10, "excluded_lines": 0, "percent_statements_covered": 0.0, "percent_statements_covered_display": "0", "num_branches": 4, "num_partial_branches": 0, "covered_branches": 0, "missing_branches": 4, "percent_branches_covered": 0.0, "percent_branches_covered_display": "0"}, "missing_lines": [104, 105, 106, 107, 108, 109, 110, 111, 112, 121], "excluded_lines": [], "start_line": 101, "executed_branches": [], "missing_branches": [[105, 106], [105, 121], [107, 108], [107, 109]]}, "benchmark_retrieval_methods": {"executed_lines": [], "summary": {"covered_lines": 0, "num_statements": 23, "percent_covered": 0.0, "percent_covered_display": "0", "missing_lines": 23, "excluded_lines": 0, "percent_statements_covered": 0.0, "percent_statements_covered_display": "0", "num_branches": 8, "num_partial_branches": 0, "covered_branches": 0, "missing_branches": 8, "percent_branches_covered": 0.0, "percent_branches_covered_display": "0"}, "missing_lines": [131, 132, 133, 135, 136, 137, 138, 139, 140, 142, 151, 160, 161, 171, 172, 183, 184, 185, 187, 198, 199, 200, 201], "excluded_lines": [], "start_line": 124, "executed_branches": [], "missing_branches": [[135, 136], [135, 183], [137, 138], [137, 139], [184, 185], [184, 187], [199, 200], [199, 201]]}, "summarize_retrieval_frame": {"executed_lines": [210, 213, 234, 235, 236, 237, 238, 239, 240, 241, 242, 243, 244, 245, 246], "summary": {"covered_lines": 15, "num_statements": 16, "percent_covered": 90.9090909090909, "percent_covered_display": "91", "missing_lines": 1, "excluded_lines": 0, "percent_statements_covered": 93.75, "percent_statements_covered_display": "94", "num_branches": 6, "num_partial_branches": 1, "covered_branches": 5, "missing_branches": 1, "percent_branches_covered": 83.33333333333333, "percent_branches_covered_display": "83"}, "missing_lines": [211], "excluded_lines": [], "start_line": 204, "executed_branches": [[210, 213], [236, 237], [236, 246], [239, 240], [239, 241]], "missing_branches": [[210, 211]]}, "chunk_statistics": {"executed_lines": [252, 262, 263, 264, 265, 266], "summary": {"covered_lines": 6, "num_statements": 7, "percent_covered": 77.77777777777777, "percent_covered_display": "78", "missing_lines": 1, "excluded_lines": 0, "percent_statements_covered": 85.71428571428571, "percent_statements_covered_display": "86", "num_branches": 2, "num_partial_branches": 1, "covered_branches": 1, "missing_branches": 1, "percent_branches_covered": 50.0, "percent_branches_covered_display": "50"}, "missing_lines": [253], "excluded_lines": [], "start_line": 249, "executed_branches": [[252, 262]], "missing_branches": [[252, 253]]}, "benchmark_index_variants": {"executed_lines": [], "summary": {"covered_lines": 0, "num_statements": 24, "percent_covered": 0.0, "percent_covered_display": "0", "missing_lines": 24, "excluded_lines": 0, "percent_statements_covered": 0.0, "percent_statements_covered_display": "0", "num_branches": 8, "num_partial_branches": 0, "covered_branches": 0, "missing_branches": 8, "percent_branches_covered": 0.0, "percent_branches_covered_display": "0"}, "missing_lines": [286, 287, 293, 294, 295, 297, 298, 304, 305, 306, 307, 308, 310, 311, 312, 313, 314, 316, 317, 318, 319, 321, 322, 323], "excluded_lines": [], "start_line": 276, "executed_branches": [], "missing_branches": [[297, 298], [297, 321], [307, 308], [307, 310], [312, 313], [312, 314], [317, 318], [317, 319]]}, "evaluate_answer_record": {"executed_lines": [333, 334, 335, 336, 340], "summary": {"covered_lines": 5, "num_statements": 6, "percent_covered": 75.0, "percent_covered_display": "75", "missing_lines": 1, "excluded_lines": 0, "percent_statements_covered": 83.33333333333333, "percent_statements_covered_display": "83", "num_branches": 2, "num_partial_branches": 1, "covered_branches": 1, "missing_branches": 1, "percent_branches_covered": 50.0, "percent_branches_covered_display": "50"}, "missing_lines": [338], "excluded_lines": [], "start_line": 326, "executed_branches": [[335, 336]], "missing_branches": [[335, 338]]}, "tool_call_metrics": {"executed_lines": [356, 359, 360, 361, 362, 365, 368, 371, 374, 376], "summary": {"covered_lines": 10, "num_statements": 11, "percent_covered": 84.61538461538461, "percent_covered_display": "85", "missing_lines": 1, "excluded_lines": 0, "percent_statements_covered": 90.9090909090909, "percent_statements_covered_display": "91", "num_branches": 2, "num_partial_branches": 1, "covered_branches": 1, "missing_branches": 1, "percent_branches_covered": 50.0, "percent_branches_covered_display": "50"}, "missing_lines": [357], "excluded_lines": [], "start_line": 353, "executed_branches": [[356, 359]], "missing_branches": [[356, 357]]}, "_build_eval_question": {"executed_lines": [], "summary": {"covered_lines": 0, "num_statements": 7, "percent_covered": 0.0, "percent_covered_display": "0", "missing_lines": 7, "excluded_lines": 0, "percent_statements_covered": 0.0, "percent_statements_covered_display": "0", "num_branches": 4, "num_partial_branches": 0, "covered_branches": 0, "missing_branches": 4, "percent_branches_covered": 0.0, "percent_branches_covered_display": "0"}, "missing_lines": [387, 388, 389, 390, 392, 393, 401], "excluded_lines": [], "start_line": 386, "executed_branches": [], "missing_branches": [[387, 388], [387, 389], [389, 390], [389, 392]]}, "_metric_row": {"executed_lines": [412, 416, 423, 424, 425, 426, 427, 428, 429], "summary": {"covered_lines": 9, "num_statements": 9, "percent_covered": 100.0, "percent_covered_display": "100", "missing_lines": 0, "excluded_lines": 0, "percent_statements_covered": 100.0, "percent_statements_covered_display": "100", "num_branches": 2, "num_partial_branches": 0, "covered_branches": 2, "missing_branches": 0, "percent_branches_covered": 100.0, "percent_branches_covered_display": "100"}, "missing_lines": [], "excluded_lines": [], "start_line": 404, "executed_branches": [[423, 424], [423, 429]], "missing_branches": []}, "_benchmark_bm25": {"executed_lines": [], "summary": {"covered_lines": 0, "num_statements": 4, "percent_covered": 0.0, "percent_covered_display": "0", "missing_lines": 4, "excluded_lines": 0, "percent_statements_covered": 0.0, "percent_statements_covered_display": "0", "num_branches": 0, "num_partial_branches": 0, "covered_branches": 0, "missing_branches": 0, "percent_branches_covered": 100.0, "percent_branches_covered_display": "100"}, "missing_lines": [439, 440, 441, 442], "excluded_lines": [], "start_line": 432, "executed_branches": [], "missing_branches": []}, "_benchmark_dense": {"executed_lines": [], "summary": {"covered_lines": 0, "num_statements": 5, "percent_covered": 0.0, "percent_covered_display": "0", "missing_lines": 5, "excluded_lines": 0, "percent_statements_covered": 0.0, "percent_statements_covered_display": "0", "num_branches": 0, "num_partial_branches": 0, "covered_branches": 0, "missing_branches": 0, "percent_branches_covered": 100.0, "percent_branches_covered_display": "100"}, "missing_lines": [458, 459, 460, 461, 462], "excluded_lines": [], "start_line": 451, "executed_branches": [], "missing_branches": []}, "_benchmark_hybrid": {"executed_lines": [], "summary": {"covered_lines": 0, "num_statements": 4, "percent_covered": 0.0, "percent_covered_display": "0", "missing_lines": 4, "excluded_lines": 0, "percent_statements_covered": 0.0, "percent_statements_covered_display": "0", "num_branches": 0, "num_partial_branches": 0, "covered_branches": 0, "missing_branches": 0, "percent_branches_covered": 100.0, "percent_branches_covered_display": "100"}, "missing_lines": [477, 478, 479, 480], "excluded_lines": [], "start_line": 471, "executed_branches": [], "missing_branches": []}, "_benchmark_reranked": {"executed_lines": [], "summary": {"covered_lines": 0, "num_statements": 4, "percent_covered": 0.0, "percent_covered_display": "0", "missing_lines": 4, "excluded_lines": 0, "percent_statements_covered": 0.0, "percent_statements_covered_display": "0", "num_branches": 0, "num_partial_branches": 0, "covered_branches": 0, "missing_branches": 0, "percent_branches_covered": 100.0, "percent_branches_covered_display": "100"}, "missing_lines": [497, 498, 499, 500], "excluded_lines": [], "start_line": 489, "executed_branches": [], "missing_branches": []}, "_percentile_from_sorted": {"executed_lines": [510, 512, 513], "summary": {"covered_lines": 3, "num_statements": 4, "percent_covered": 66.66666666666667, "percent_covered_display": "67", "missing_lines": 1, "excluded_lines": 0, "percent_statements_covered": 75.0, "percent_statements_covered_display": "75", "num_branches": 2, "num_partial_branches": 1, "covered_branches": 1, "missing_branches": 1, "percent_branches_covered": 50.0, "percent_branches_covered_display": "50"}, "missing_lines": [511], "excluded_lines": [], "start_line": 509, "executed_branches": [[510, 512]], "missing_branches": [[510, 511]]}, "_load_variant": {"executed_lines": [], "summary": {"covered_lines": 0, "num_statements": 4, "percent_covered": 0.0, "percent_covered_display": "0", "missing_lines": 4, "excluded_lines": 0, "percent_statements_covered": 0.0, "percent_statements_covered_display": "0", "num_branches": 2, "num_partial_branches": 0, "covered_branches": 0, "missing_branches": 2, "percent_branches_covered": 0.0, "percent_branches_covered_display": "0"}, "missing_lines": [517, 518, 522, 523], "excluded_lines": [], "start_line": 516, "executed_branches": [], "missing_branches": [[517, 518], [517, 522]]}, "": {"executed_lines": [3, 5, 6, 7, 8, 9, 11, 13, 14, 15, 17, 18, 32, 56, 88, 101, 124, 204, 249, 276, 326, 353, 386, 404, 432, 451, 471, 489, 509, 516, 527, 528], "summary": {"covered_lines": 32, "num_statements": 32, "percent_covered": 100.0, "percent_covered_display": "100", "missing_lines": 0, "excluded_lines": 0, "percent_statements_covered": 100.0, "percent_statements_covered_display": "100", "num_branches": 0, "num_partial_branches": 0, "covered_branches": 0, "missing_branches": 0, "percent_branches_covered": 100.0, "percent_branches_covered_display": "100"}, "missing_lines": [], "excluded_lines": [], "start_line": 1, "executed_branches": [], "missing_branches": []}}, "classes": {"": {"executed_lines": [3, 5, 6, 7, 8, 9, 11, 13, 14, 15, 17, 18, 32, 39, 44, 45, 47, 53, 56, 88, 91, 96, 97, 98, 101, 124, 204, 210, 213, 234, 235, 236, 237, 238, 239, 240, 241, 242, 243, 244, 245, 246, 249, 252, 262, 263, 264, 265, 266, 276, 326, 333, 334, 335, 336, 340, 353, 356, 359, 360, 361, 362, 365, 368, 371, 374, 376, 386, 404, 412, 416, 423, 424, 425, 426, 427, 428, 429, 432, 451, 471, 489, 509, 510, 512, 513, 516, 527, 528], "summary": {"covered_lines": 89, "num_statements": 189, "percent_covered": 42.97872340425532, "percent_covered_display": "43", "missing_lines": 100, "excluded_lines": 0, "percent_statements_covered": 47.08994708994709, "percent_statements_covered_display": "47", "num_branches": 46, "num_partial_branches": 6, "covered_branches": 12, "missing_branches": 34, "percent_branches_covered": 26.08695652173913, "percent_branc
[...]
num_partial_branches": 0, "covered_branches": 0, "missing_branches": 0, "percent_branches_covered": 100.0, "percent_branches_covered_display": "100"}, "missing_lines": [209], "excluded_lines": [], "start_line": 208, "executed_branches": [], "missing_branches": []}, "LibraryTools.list_library_topics": {"executed_lines": [], "summary": {"covered_lines": 0, "num_statements": 1, "percent_covered": 0.0, "percent_covered_display": "0", "missing_lines": 1, "excluded_lines": 0, "percent_statements_covered": 0.0, "percent_statements_covered_display": "0", "num_branches": 0, "num_partial_branches": 0, "covered_branches": 0, "missing_branches": 0, "percent_branches_covered": 100.0, "percent_branches_covered_display": "100"}, "missing_lines": [224], "excluded_lines": [], "start_line": 223, "executed_branches": [], "missing_branches": []}, "LibraryTools.get_library_statistics": {"executed_lines": [], "summary": {"covered_lines": 0, "num_statements": 1, "percent_covered": 0.0, "percent_covered_display": "0", "missing_lines": 1, "excluded_lines": 0, "percent_statements_covered": 0.0, "percent_statements_covered_display": "0", "num_branches": 0, "num_partial_branches": 0, "covered_branches": 0, "missing_branches": 0, "percent_branches_covered": 100.0, "percent_branches_covered_display": "100"}, "missing_lines": [227], "excluded_lines": [], "start_line": 226, "executed_branches": [], "missing_branches": []}, "LibraryTools._limit": {"executed_lines": [], "summary": {"covered_lines": 0, "num_statements": 1, "percent_covered": 0.0, "percent_covered_display": "0", "missing_lines": 1, "excluded_lines": 0, "percent_statements_covered": 0.0, "percent_statements_covered_display": "0", "num_branches": 0, "num_partial_branches": 0, "covered_branches": 0, "missing_branches": 0, "percent_branches_covered": 100.0, "percent_branches_covered_display": "100"}, "missing_lines": [234], "excluded_lines": [], "start_line": 233, "executed_branches": [], "missing_branches": []}, "": {"executed_lines": [3, 5, 6, 7, 9, 11, 14, 15, 18, 19, 20, 21, 24, 27, 30, 35, 46, 53, 54, 65, 68, 69, 71, 75, 81, 161, 162, 169, 172, 176, 185, 192, 196, 207, 208, 223, 226, 233], "summary": {"covered_lines": 38, "num_statements": 38, "percent_covered": 100.0, "percent_covered_display": "100", "missing_lines": 0, "excluded_lines": 0, "percent_statements_covered": 100.0, "percent_statements_covered_display": "100", "num_branches": 0, "num_partial_branches": 0, "covered_branches": 0, "missing_branches": 0, "percent_branches_covered": 100.0, "percent_branches_covered_display": "100"}, "missing_lines": [], "excluded_lines": [], "start_line": 1, "executed_branches": [], "missing_branches": []}}, "classes": {"ToolSpec": {"executed_lines": [], "summary": {"covered_lines": 0, "num_statements": 0, "percent_covered": 100.0, "percent_covered_display": "100", "missing_lines": 0, "excluded_lines": 0, "percent_statements_covered": 100.0, "percent_statements_covered_display": "100", "num_branches": 0, "num_partial_branches": 0, "covered_branches": 0, "missing_branches": 0, "percent_branches_covered": 100.0, "percent_branches_covered_display": "100"}, "missing_lines": [], "excluded_lines": [], "start_line": 15, "executed_branches": [], "missing_branches": []}, "ToolRegistry": {"executed_lines": [28, 31, 33, 47, 48, 49, 50, 51, 55, 56, 57, 58, 59, 60, 61], "summary": {"covered_lines": 15, "num_statements": 18, "percent_covered": 80.76923076923077, "percent_covered_display": "81", "missing_lines": 3, "excluded_lines": 0, "percent_statements_covered": 83.33333333333333, "percent_statements_covered_display": "83", "num_branches": 8, "num_partial_branches": 2, "covered_branches": 6, "missing_branches": 2, "percent_branches_covered": 75.0, "percent_branches_covered_display": "75"}, "missing_lines": [32, 36, 62], "excluded_lines": [], "start_line": 24, "executed_branches": [[31, 33], [48, 49], [48, 50], [59, 60], [59, 61], [61, -53]], "missing_branches": [[31, 32], [61, 62]]}, "LibraryTools": {"executed_lines": [], "summary": {"covered_lines": 0, "num_statements": 25, "percent_covered": 0.0, "percent_covered_display": "0", "missing_lines": 25, "excluded_lines": 0, "percent_statements_covered": 0.0, "percent_statements_covered_display": "0", "num_branches": 4, "num_partial_branches": 0, "covered_branches": 0, "missing_branches": 4, "percent_branches_covered": 0.0, "percent_branches_covered_display": "0"}, "missing_lines": [72, 73, 76, 77, 78, 79, 82, 163, 170, 173, 174, 177, 178, 186, 193, 194, 197, 198, 199, 200, 205, 209, 224, 227, 234], "excluded_lines": [], "start_line": 65, "executed_branches": [], "missing_branches": [[77, 78], [77, 79], [199, 200], [199, 205]]}, "": {"executed_lines": [3, 5, 6, 7, 9, 11, 14, 15, 18, 19, 20, 21, 24, 27, 30, 35, 46, 53, 54, 65, 68, 69, 71, 75, 81, 161, 162, 169, 172, 176, 185, 192, 196, 207, 208, 223, 226, 233], "summary": {"covered_lines": 38, "num_statements": 38, "percent_covered": 100.0, "percent_covered_display": "100", "missing_lines": 0, "excluded_lines": 0, "percent_statements_covered": 100.0, "percent_statements_covered_display": "100", "num_branches": 0, "num_partial_branches": 0, "covered_branches": 0, "missing_branches": 0, "percent_branches_covered": 100.0, "percent_branches_covered_display": "100"}, "missing_lines": [], "excluded_lines": [], "start_line": 1, "executed_branches": [], "missing_branches": []}}}, "03_pipeline/tkip/utils.py": {"executed_lines": [1, 2, 3, 4, 6, 7, 8, 9, 10, 11, 13, 14, 15, 17, 18, 19, 20, 21, 22, 23, 25, 26, 28, 29, 30, 31, 33, 36, 37, 39], "summary": {"covered_lines": 30, "num_statements": 33, "percent_covered": 86.48648648648648, "percent_covered_display": "86", "missing_lines": 3, "excluded_lines": 0, "percent_statements_covered": 90.9090909090909, "percent_statements_covered_display": "91", "num_branches": 4, "num_partial_branches": 0, "covered_branches": 2, "missing_branches": 2, "percent_branches_covered": 50.0, "percent_branches_covered_display": "50"}, "missing_lines": [34, 40, 41], "excluded_lines": [], "executed_branches": [[9, 10], [9, 11]], "missing_branches": [[40, -39], [40, 41]], "functions": {"sha256_file": {"executed_lines": [7, 8, 9, 10, 11], "summary": {"covered_lines": 5, "num_statements": 5, "percent_covered": 100.0, "percent_covered_display": "100", "missing_lines": 0, "excluded_lines": 0, "percent_statements_covered": 100.0, "percent_statements_covered_display": "100", "num_branches": 2, "num_partial_branches": 0, "covered_branches": 2, "missing_branches": 0, "percent_branches_covered": 100.0, "percent_branches_covered_display": "100"}, "missing_lines": [], "excluded_lines": [], "start_line": 6, "executed_branches": [[9, 10], [9, 11]], "missing_branches": []}, "stable_id": {"executed_lines": [14, 15], "summary": {"covered_lines": 2, "num_statements": 2, "percent_covered": 100.0, "percent_covered_display": "100", "missing_lines": 0, "excluded_lines": 0, "percent_statements_covered": 100.0, "percent_statements_covered_display": "100", "num_branches": 0, "num_partial_branches": 0, "covered_branches": 0, "missing_branches": 0, "percent_branches_covered": 100.0, "percent_branches_covered_display": "100"}, "missing_lines": [], "excluded_lines": [], "start_line": 13, "executed_branches": [], "missing_branches": []}, "detect_language": {"executed_lines": [18, 19, 20, 21, 22, 23], "summary": {"covered_lines": 6, "num_statements": 6, "percent_covered": 100.0, "percent_covered_display": "100", "missing_lines": 0, "excluded_lines": 0, "percent_statements_covered": 100.0, "percent_statements_covered_display": "100", "num_branches": 0, "num_partial_branches": 0, "covered_branches": 0, "missing_branches": 0, "percent_branches_covered": 100.0, "percent_branches_covered_display": "100"}, "missing_lines": [], "excluded_lines": [], "start_line": 17, "executed_branches": [], "missing_branches": []}, "tokenize": {"executed_lines": [26], "summary": {"covered_lines": 1, "num_statements": 1, "percent_covered": 100.0, "percent_covered_display": "100", "missing_lines": 0, "excluded_lines": 0, "percent_statements_covered": 100.0, "percent_statements_covered_display": "100", "num_branches": 0, "num_partial_branches": 0, "covered_branches": 0, "missing_branches": 0, "percent_branches_covered": 100.0, "percent_branches_covered_display": "100"}, "missing_lines": [], "excluded_lines": [], "start_line": 25, "executed_branches": [], "missing_branches": []}, "jsonl_append": {"executed_lines": [29, 30, 31], "summary": {"covered_lines": 3, "num_statements": 3, "percent_covered": 100.0, "percent_covered_display": "100", "missing_lines": 0, "excluded_lines": 0, "percent_statements_covered": 100.0, "percent_statements_covered_display": "100", "num_branches": 0, "num_partial_branches": 0, "covered_branches": 0, "missing_branches": 0, "percent_branches_covered": 100.0, "percent_branches_covered_display": "100"}, "missing_lines": [], "excluded_lines": [], "start_line": 28, "executed_branches": [], "missing_branches": []}, "now_ms": {"executed_lines": [], "summary": {"covered_lines": 0, "num_statements": 1, "percent_covered": 0.0, "percent_covered_display": "0", "missing_lines": 1, "excluded_lines": 0, "percent_statements_covered": 0.0, "percent_statements_covered_display": "0", "num_branches": 0, "num_partial_branches": 0, "covered_branches": 0, "missing_branches": 0, "percent_branches_covered": 100.0, "percent_branches_covered_display": "100"}, "missing_lines": [34], "excluded_lines": [], "start_line": 33, "executed_branches": [], "missing_branches": []}, "ids": {"executed_lines": [37], "summary": {"covered_lines": 1, "num_statements": 1, "percent_covered": 100.0, "percent_covered_display": "100", "missing_lines": 0, "excluded_lines": 0, "percent_statements_covered": 100.0, "percent_statements_covered_display": "100", "num_branches": 0, "num_partial_branches": 0, "covered_branches": 0, "missing_branches": 0, "percent_branches_covered": 100.0, "percent_branches_covered_display": "100"}, "missing_lines": [], "excluded_lines": [], "start_line": 36, "executed_branches": [], "missing_branches": []}, "batched": {"executed_lines": [], "summary": {"covered_lines": 0, "num_statements": 2, "percent_covered": 0.0, "percent_covered_display": "0", "missing_lines": 2, "excluded_lines": 0, "percent_statements_covered": 0.0, "percent_statements_covered_display": "0", "num_branches": 2, "num_partial_branches": 0, "covered_branches": 0, "missing_branches": 2, "percent_branches_covered": 0.0, "percent_branches_covered_display": "0"}, "missing_lines": [40, 41], "excluded_lines": [], "start_line": 39, "executed_branches": [], "missing_branches": [[40, -39], [40, 41]]}, "": {"executed_lines": [1, 2, 3, 4, 6, 13, 17, 25, 28, 33, 36, 39], "summary": {"covered_lines": 12, "num_statements": 12, "percent_covered": 100.0, "percent_covered_display": "100", "missing_lines": 0, "excluded_lines": 0, "percent_statements_covered": 100.0, "percent_statements_covered_display": "100", "num_branches": 0, "num_partial_branches": 0, "covered_branches": 0, "missing_branches": 0, "percent_branches_covered": 100.0, "percent_branches_covered_display": "100"}, "missing_lines": [], "excluded_lines": [], "start_line": 1, "executed_branches": [], "missing_branches": []}}, "classes": {"": {"executed_lines": [1, 2, 3, 4, 6, 7, 8, 9, 10, 11, 13, 14, 15, 17, 18, 19, 20, 21, 22, 23, 25, 26, 28, 29, 30, 31, 33, 36, 37, 39], "summary": {"covered_lines": 30, "num_statements": 33, "percent_covered": 86.48648648648648, "percent_covered_display": "86", "missing_lines": 3, "excluded_lines": 0, "percent_statements_covered": 90.9090909090909, "percent_statements_covered_display": "91", "num_branches": 4, "num_partial_branches": 0, "covered_branches": 2, "missing_branches": 2, "percent_branches_covered": 50.0, "percent_branches_covered_display": "50"}, "missing_lines": [34, 40, 41], "excluded_lines": [], "start_line": 1, "executed_branches": [[9, 10], [9, 11]], "missing_branches": [[40, -39], [40, 41]]}}}, "03_pipeline/tkip/workflow_graph.py": {"executed_lines": [1, 3, 4, 6, 9, 10, 11, 12, 13, 14, 15, 18, 49, 50, 52, 54, 57, 58, 61, 62, 63, 65, 66, 67, 71, 74, 76, 77, 80, 81, 91, 92, 98, 103, 113, 114, 117, 118, 119, 121, 122, 123, 124, 126, 132, 133, 134, 136, 137, 138, 139, 140, 141, 146, 147, 148, 149, 150, 151, 158, 159, 160, 161, 163, 164, 165, 166, 167, 168, 169, 173, 174, 175, 195, 196, 198, 199], "summary": {"covered_lines": 77, "num_statements": 87, "percent_covered": 78.01418439716312, "percent_covered_display": "78", "missing_lines": 10, "excluded_lines": 0, "percent_statements_covered": 88.50574712643679, "percent_statements_covered_display": "89", "num_branches": 54, "num_partial_branches": 17, "covered_branches": 33, "missing_branches": 21, "percent_branches_covered": 61.111111111111114, "percent_branches_covered_display": "61"}, "missing_lines": [51, 53, 64, 78, 93, 94, 96, 183, 184, 191], "excluded_lines": [], "executed_branches": [[50, 52], [52, 54], [63, 65], [77, 80], [92, 98], [113, 114], [113, 121], [114, 117], [114, 118], [121, 122], [122, 123], [122, 124], [124, 126], [132, 133], [136, 137], [138, 139], [138, 140], [140, 141], [146, 147], [148, 149], [148, 150], [150, 151], [158, 159], [160, 161], [160, 163], [163, 164], [164, 165], [166, 167], [166, 168], [168, 169], [174, 175], [195, 196], [195, 198]], "missing_branches": [[50, 51], [52, 53], [63, 64], [77, 78], [92, 93], [94, 92], [94, 96], [121, 136], [124, 134], [132, 134], [136, 163], [140, 148], [146, 148], [150, 160], [158, 160], [163, 173], [164, 166], [168, 173], [174, 183], [183, 184], [183, 191]], "functions": {"_subset": {"executed_lines": [50, 52, 54], "summary": {"covered_lines": 3, "num_statements": 5, "percent_covered": 55.55555555555556, "percent_covered_display": "56", "missing_lines": 2, "excluded_lines": 0, "percent_statements_covered": 60.0, "percent_statements_covered_display": "60", "num_branches": 4, "num_partial_branches": 2, "covered_branches": 2, "missing_branches": 2, "percent_branches_covered": 50.0, "percent_branches_covered_display": "50"}, "missing_lines": [51, 53], "excluded_lines": [], "start_line": 49, "executed_branches": [[50, 52], [52, 54]], "missing_branches": [[50, 51], [52, 53]]}, "workflow_rows": {"executed_lines": [58], "summary": {"covered_lines": 1, "num_statements": 1, "percent_covered": 100.0, "percent_covered_display": "100", "missing_lines": 0, "excluded_lines": 0, "percent_statements_covered": 100.0, "percent_statements_covered_display": "100", "num_branches": 0, "num_partial_branches": 0, "covered_branches": 0, "missing_branches": 0, "percent_branches_covered": 100.0, "percent_branches_covered_display": "100"}, "missing_lines": [], "excluded_lines": [], "start_line": 57, "executed_branches": [], "missing_branches": []}, "_node_line": {"executed_lines": [62, 63, 65, 66, 67, 71], "summary": {"covered_lines": 6, "num_statements": 7, "percent_covered": 77.77777777777777, "percent_covered_display": "78", "missing_lines": 1, "excluded_lines": 0, "percent_statements_covered": 85.71428571428571, "percent_statements_covered_display": "86", "num_branches": 2, "num_partial_branches": 1, "covered_branches": 1, "missing_branches": 1, "percent_branches_covered": 50.0, "percent_branches_covered_display": "50"}, "missing_lines": [64], "excluded_lines": [], "start_line": 61, "executed_branches": [[63, 65]], "missing_branches": [[63, 64]]}, "workflow_dot": {"executed_lines": [76, 77, 80, 81, 91, 92, 98, 103, 113, 114, 117, 118, 119, 121, 122, 123, 124, 126, 132, 133, 134, 136, 137, 138, 139, 140, 141, 146, 147, 148, 149, 150, 151, 158, 159, 160, 161, 163, 164, 165, 166, 167, 168, 169, 173, 174, 175, 195, 196, 198, 199], "summary": {"covered_lines": 51, "num_statements": 58, "percent_covered": 76.41509433962264, "percent_covered_display": "76", "missing_lines": 7, "excluded_lines": 0, "percent_statements_covered": 87.93103448275862, "percent_statements_covered_display": "88", "num_branches": 48, "num_partial_branches": 14, "covered_branches": 30, "missing_branches": 18, "percent_branches_covered": 62.5, "percent_branches_covered_display": "62"}, "missing_lines": [78, 93, 94, 96, 183, 184, 191], "excluded_lines": [], "start_line": 74, "executed_branches": [[77, 80], [92, 98], [113, 114], [113, 121], [114, 117], [114, 118], [121, 122], [122, 123], [122, 124], [124, 126], [132, 133], [136, 137], [138, 139], [138, 140], [140, 141], [146, 147], [148, 149], [148, 150], [150, 151], [158, 159], [160, 161], [160, 163], [163, 164], [164, 165], [166, 167], [166, 168], [168, 169], [174, 175], [195, 196], [195, 198]], "missing_branches": [[77, 78], [92, 93], [94, 92], [94, 96], [121, 136], [124, 134], [132, 134], [136, 163], [140, 148], [146, 148], [150, 160], [158, 160], [163, 173], [164, 166], [168, 173], [174, 183], [183, 184], [183, 191]]}, "": {"executed_lines": [1, 3, 4, 6, 9, 10, 11, 12, 13, 14, 15, 18, 49, 57, 61, 74], "summary": {"covered_lines": 16, "num_statements": 16, "percent_covered": 100.0, "percent_covered_display": "100", "missing_lines": 0, "excluded_lines": 0, "percent_statements_covered": 100.0, "percent_statements_covered_display": "100", "num_branches": 0, "num_partial_branches": 0, "covered_branches": 0, "missing_branches": 0, "percent_branches_covered": 100.0, "percent_branches_covered_display": "100"}, "missing_lines": [], "excluded_lines": [], "start_line": 1, "executed_branches": [], "missing_branches": []}}, "classes": {"WorkflowNode": {"executed_lines": [], "summary": {"covered_lines": 0, "num_statements": 0, "percent_covered": 100.0, "percent_covered_display": "100", "missing_lines": 0, "excluded_lines": 0, "percent_statements_covered": 100.0, "percent_statements_covered_display": "100", "num_branches": 0, "num_partial_branches": 0, "covered_branches": 0, "missing_branches": 0, "percent_branches_covered": 100.0, "percent_branches_covered_display": "100"}, "missing_lines": [], "excluded_lines": [], "start_line": 10, "executed_branches": [], "missing_branches": []}, "": {"executed_lines": [1, 3, 4, 6, 9, 10, 11, 12, 13, 14, 15, 18, 49, 50, 52, 54, 57, 58, 61, 62, 63, 65, 66, 67, 71, 74, 76, 77, 80, 81, 91, 92, 98, 103, 113, 114, 117, 118, 119, 121, 122, 123, 124, 126, 132, 133, 134, 136, 137, 138, 139, 140, 141, 146, 147, 148, 149, 150, 151, 158, 159, 160, 161, 163, 164, 165, 166, 167, 168, 169, 173, 174, 175, 195, 196, 198, 199], "summary": {"covered_lines": 77, "num_statements": 87, "percent_covered": 78.01418439716312, "percent_covered_display": "78", "missing_lines": 10, "excluded_lines": 0, "percent_statements_covered": 88.50574712643679, "percent_statements_covered_display": "89", "num_branches": 54, "num_partial_branches": 17, "covered_branches": 33, "missing_branches": 21, "percent_branches_covered": 61.111111111111114, "percent_branches_covered_display": "61"}, "missing_lines": [51, 53, 64, 78, 93, 94, 96, 183, 184, 191], "excluded_lines": [], "start_line": 1, "executed_branches": [[50, 52], [52, 54], [63, 65], [77, 80], [92, 98], [113, 114], [113, 121], [114, 117], [114, 118], [121, 122], [122, 123], [122, 124], [124, 126], [132, 133], [136, 137], [138, 139], [138, 140], [140, 141], [146, 147], [148, 149], [148, 150], [150, 151], [158, 159], [160, 161], [160, 163], [163, 164], [164, 165], [166, 167], [166, 168], [168, 169], [174, 175], [195, 196], [195, 198]], "missing_branches": [[50, 51], [52, 53], [63, 64], [77, 78], [92, 93], [94, 92], [94, 96], [121, 136], [124, 134], [132, 134], [136, 163], [140, 148], [146, 148], [150, 160], [158, 160], [163, 173], [164, 166], [168, 173], [174, 183], [183, 184], [183, 191]]}}}}, "totals": {"covered_lines": 1931, "num_statements": 2989, "percent_covered": 60.40500932587263, "percent_covered_display": "60", "missing_lines": 1058, "excluded_lines": 0, "percent_statements_covered": 64.60354633656742, "percent_statements_covered_display": "65", "num_branches": 764, "num_partial_branches": 132, "covered_branches": 336, "missing_branches": 428, "percent_branches_covered": 43.97905759162304, "percent_branches_covered_display": "44"}}